{"/Users/cristianscript/programming/eatlifyBackend/src/controllers/CashiersController.ts": {"path":"/Users/cristianscript/programming/eatlifyBackend/src/controllers/CashiersController.ts","statementMap":{"0":{"start":{"line":1,"column":0},"end":{"line":1,"column":33}},"1":{"start":{"line":3,"column":0},"end":{"line":3,"column":60}},"2":{"start":{"line":7,"column":0},"end":{"line":7,"column":13}},"3":{"start":{"line":9,"column":31},"end":{"line":9,"column":47}},"4":{"start":{"line":11,"column":15},"end":{"line":13,"column":null}},"5":{"start":{"line":12,"column":4},"end":{"line":12,"column":30}},"6":{"start":{"line":15,"column":15},"end":{"line":26,"column":null}},"7":{"start":{"line":17,"column":24},"end":{"line":17,"column":null}},"8":{"start":{"line":17,"column":12},"end":{"line":17,"column":null}},"9":{"start":{"line":18,"column":6},"end":{"line":22,"column":null}},"10":{"start":{"line":19,"column":8},"end":{"line":21,"column":11}},"11":{"start":{"line":24,"column":6},"end":{"line":24,"column":58}},"12":{"start":{"line":28,"column":15},"end":{"line":30,"column":null}},"13":{"start":{"line":32,"column":15},"end":{"line":40,"column":null}},"14":{"start":{"line":34,"column":20},"end":{"line":34,"column":null}},"15":{"start":{"line":34,"column":12},"end":{"line":34,"column":null}},"16":{"start":{"line":35,"column":6},"end":{"line":35,"column":45}},"17":{"start":{"line":37,"column":6},"end":{"line":37,"column":27}},"18":{"start":{"line":38,"column":6},"end":{"line":38,"column":58}},"19":{"start":{"line":42,"column":15},"end":{"line":50,"column":null}},"20":{"start":{"line":44,"column":20},"end":{"line":44,"column":null}},"21":{"start":{"line":44,"column":12},"end":{"line":44,"column":null}},"22":{"start":{"line":45,"column":6},"end":{"line":45,"column":45}},"23":{"start":{"line":45,"column":17},"end":{"line":45,"column":45}},"24":{"start":{"line":47,"column":6},"end":{"line":47,"column":35}},"25":{"start":{"line":48,"column":6},"end":{"line":48,"column":43}},"26":{"start":{"line":51,"column":15},"end":{"line":59,"column":null}},"27":{"start":{"line":53,"column":21},"end":{"line":53,"column":null}},"28":{"start":{"line":53,"column":12},"end":{"line":53,"column":null}},"29":{"start":{"line":54,"column":6},"end":{"line":54,"column":42}},"30":{"start":{"line":56,"column":6},"end":{"line":56,"column":35}},"31":{"start":{"line":57,"column":6},"end":{"line":57,"column":43}},"32":{"start":{"line":61,"column":15},"end":{"line":70,"column":null}},"33":{"start":{"line":63,"column":21},"end":{"line":63,"column":null}},"34":{"start":{"line":63,"column":12},"end":{"line":63,"column":null}},"35":{"start":{"line":64,"column":6},"end":{"line":64,"column":23}},"36":{"start":{"line":66,"column":6},"end":{"line":66,"column":35}},"37":{"start":{"line":67,"column":6},"end":{"line":67,"column":34}},"38":{"start":{"line":72,"column":15},"end":{"line":80,"column":null}},"39":{"start":{"line":74,"column":22},"end":{"line":74,"column":null}},"40":{"start":{"line":74,"column":12},"end":{"line":74,"column":null}},"41":{"start":{"line":75,"column":6},"end":{"line":75,"column":24}},"42":{"start":{"line":77,"column":6},"end":{"line":77,"column":35}},"43":{"start":{"line":78,"column":6},"end":{"line":78,"column":43}},"44":{"start":{"line":82,"column":15},"end":{"line":91,"column":null}},"45":{"start":{"line":84,"column":12},"end":{"line":84,"column":54}},"46":{"start":{"line":85,"column":21},"end":{"line":85,"column":null}},"47":{"start":{"line":85,"column":12},"end":{"line":85,"column":null}},"48":{"start":{"line":86,"column":6},"end":{"line":86,"column":30}},"49":{"start":{"line":88,"column":6},"end":{"line":88,"column":35}},"50":{"start":{"line":89,"column":6},"end":{"line":89,"column":34}},"51":{"start":{"line":93,"column":15},"end":{"line":101,"column":null}},"52":{"start":{"line":95,"column":22},"end":{"line":95,"column":null}},"53":{"start":{"line":95,"column":12},"end":{"line":95,"column":null}},"54":{"start":{"line":96,"column":6},"end":{"line":96,"column":24}},"55":{"start":{"line":98,"column":6},"end":{"line":98,"column":35}},"56":{"start":{"line":99,"column":6},"end":{"line":99,"column":43}},"57":{"start":{"line":7,"column":13},"end":{"line":102,"column":null}},"58":{"start":{"line":102,"column":0},"end":{"line":102,"column":null}},"59":{"start":{"line":7,"column":13},"end":{"line":7,"column":31}}},"fnMap":{"0":{"name":"(anonymous_15)","decl":{"start":{"line":7,"column":0},"end":{"line":7,"column":13}},"loc":{"start":{"line":7,"column":0},"end":{"line":7,"column":13}}},"1":{"name":"CashiersController","decl":{"start":{"line":9,"column":2},"end":{"line":9,"column":31}},"loc":{"start":{"line":9,"column":61},"end":{"line":9,"column":66}}},"2":{"name":"(anonymous_17)","decl":{"start":{"line":11,"column":2},"end":{"line":11,"column":15}},"loc":{"start":{"line":11,"column":53},"end":{"line":13,"column":null}}},"3":{"name":"(anonymous_20)","decl":{"start":{"line":15,"column":2},"end":{"line":15,"column":15}},"loc":{"start":{"line":15,"column":61},"end":{"line":26,"column":null}}},"4":{"name":"(anonymous_23)","decl":{"start":{"line":28,"column":2},"end":{"line":28,"column":15}},"loc":{"start":{"line":28,"column":53},"end":{"line":30,"column":null}}},"5":{"name":"(anonymous_26)","decl":{"start":{"line":32,"column":2},"end":{"line":32,"column":15}},"loc":{"start":{"line":32,"column":58},"end":{"line":40,"column":null}}},"6":{"name":"(anonymous_29)","decl":{"start":{"line":42,"column":2},"end":{"line":42,"column":15}},"loc":{"start":{"line":42,"column":53},"end":{"line":50,"column":null}}},"7":{"name":"(anonymous_32)","decl":{"start":{"line":51,"column":2},"end":{"line":51,"column":15}},"loc":{"start":{"line":51,"column":55},"end":{"line":59,"column":null}}},"8":{"name":"(anonymous_35)","decl":{"start":{"line":61,"column":2},"end":{"line":61,"column":15}},"loc":{"start":{"line":61,"column":56},"end":{"line":70,"column":null}}},"9":{"name":"(anonymous_38)","decl":{"start":{"line":72,"column":2},"end":{"line":72,"column":15}},"loc":{"start":{"line":72,"column":53},"end":{"line":80,"column":null}}},"10":{"name":"(anonymous_41)","decl":{"start":{"line":82,"column":2},"end":{"line":82,"column":15}},"loc":{"start":{"line":82,"column":55},"end":{"line":91,"column":null}}},"11":{"name":"(anonymous_44)","decl":{"start":{"line":93,"column":2},"end":{"line":93,"column":15}},"loc":{"start":{"line":93,"column":56},"end":{"line":101,"column":null}}}},"branchMap":{"0":{"loc":{"start":{"line":18,"column":6},"end":{"line":22,"column":null}},"type":"if","locations":[{"start":{"line":18,"column":6},"end":{"line":22,"column":null}}]},"1":{"loc":{"start":{"line":45,"column":6},"end":{"line":45,"column":45}},"type":"if","locations":[{"start":{"line":45,"column":6},"end":{"line":45,"column":45}}]}},"s":{"0":2,"1":2,"2":2,"3":3,"4":2,"5":0,"6":2,"7":0,"8":0,"9":0,"10":0,"11":0,"12":2,"13":2,"14":0,"15":0,"16":0,"17":0,"18":0,"19":2,"20":0,"21":0,"22":0,"23":0,"24":0,"25":0,"26":2,"27":2,"28":2,"29":1,"30":1,"31":1,"32":2,"33":0,"34":0,"35":0,"36":0,"37":0,"38":2,"39":0,"40":0,"41":0,"42":0,"43":0,"44":2,"45":0,"46":0,"47":0,"48":0,"49":0,"50":0,"51":2,"52":0,"53":0,"54":0,"55":0,"56":0,"57":2,"58":2,"59":2},"f":{"0":2,"1":3,"2":0,"3":0,"4":0,"5":0,"6":0,"7":2,"8":0,"9":0,"10":0,"11":0},"b":{"0":[0],"1":[0]}}
,"/Users/cristianscript/programming/eatlifyBackend/src/controllers/CategoriasController.ts": {"path":"/Users/cristianscript/programming/eatlifyBackend/src/controllers/CategoriasController.ts","statementMap":{"0":{"start":{"line":1,"column":0},"end":{"line":1,"column":33}},"1":{"start":{"line":3,"column":0},"end":{"line":3,"column":66}},"2":{"start":{"line":6,"column":0},"end":{"line":6,"column":13}},"3":{"start":{"line":8,"column":31},"end":{"line":8,"column":50}},"4":{"start":{"line":10,"column":8},"end":{"line":19,"column":null}},"5":{"start":{"line":12,"column":22},"end":{"line":12,"column":null}},"6":{"start":{"line":12,"column":12},"end":{"line":12,"column":null}},"7":{"start":{"line":13,"column":6},"end":{"line":15,"column":null}},"8":{"start":{"line":14,"column":8},"end":{"line":14,"column":45}},"9":{"start":{"line":17,"column":6},"end":{"line":17,"column":56}},"10":{"start":{"line":21,"column":8},"end":{"line":29,"column":4}},"11":{"start":{"line":22,"column":8},"end":{"line":22,"column":28}},"12":{"start":{"line":24,"column":27},"end":{"line":24,"column":null}},"13":{"start":{"line":24,"column":12},"end":{"line":24,"column":null}},"14":{"start":{"line":25,"column":6},"end":{"line":25,"column":48}},"15":{"start":{"line":27,"column":6},"end":{"line":27,"column":49}},"16":{"start":{"line":31,"column":8},"end":{"line":38,"column":4}},"17":{"start":{"line":33,"column":24},"end":{"line":33,"column":null}},"18":{"start":{"line":33,"column":12},"end":{"line":33,"column":null}},"19":{"start":{"line":34,"column":6},"end":{"line":34,"column":45}},"20":{"start":{"line":36,"column":6},"end":{"line":36,"column":49}},"21":{"start":{"line":40,"column":8},"end":{"line":48,"column":4}},"22":{"start":{"line":42,"column":14},"end":{"line":42,"column":23}},"23":{"start":{"line":43,"column":24},"end":{"line":43,"column":null}},"24":{"start":{"line":43,"column":12},"end":{"line":43,"column":null}},"25":{"start":{"line":44,"column":6},"end":{"line":44,"column":45}},"26":{"start":{"line":46,"column":6},"end":{"line":46,"column":49}},"27":{"start":{"line":6,"column":13},"end":{"line":49,"column":null}},"28":{"start":{"line":49,"column":0},"end":{"line":49,"column":null}},"29":{"start":{"line":6,"column":13},"end":{"line":6,"column":33}}},"fnMap":{"0":{"name":"(anonymous_15)","decl":{"start":{"line":6,"column":0},"end":{"line":6,"column":13}},"loc":{"start":{"line":6,"column":0},"end":{"line":6,"column":13}}},"1":{"name":"CategoriasController","decl":{"start":{"line":8,"column":2},"end":{"line":8,"column":31}},"loc":{"start":{"line":8,"column":67},"end":{"line":8,"column":72}}},"2":{"name":"(anonymous_17)","decl":{"start":{"line":10,"column":2},"end":{"line":10,"column":8}},"loc":{"start":{"line":10,"column":49},"end":{"line":19,"column":null}}},"3":{"name":"(anonymous_20)","decl":{"start":{"line":21,"column":2},"end":{"line":21,"column":8}},"loc":{"start":{"line":21,"column":50},"end":{"line":29,"column":4}}},"4":{"name":"(anonymous_23)","decl":{"start":{"line":31,"column":2},"end":{"line":31,"column":8}},"loc":{"start":{"line":31,"column":52},"end":{"line":38,"column":4}}},"5":{"name":"(anonymous_26)","decl":{"start":{"line":40,"column":2},"end":{"line":40,"column":8}},"loc":{"start":{"line":40,"column":52},"end":{"line":48,"column":4}}}},"branchMap":{"0":{"loc":{"start":{"line":13,"column":6},"end":{"line":15,"column":null}},"type":"if","locations":[{"start":{"line":13,"column":6},"end":{"line":15,"column":null}}]}},"s":{"0":1,"1":1,"2":1,"3":1,"4":1,"5":0,"6":0,"7":0,"8":0,"9":0,"10":1,"11":0,"12":0,"13":0,"14":0,"15":0,"16":1,"17":0,"18":0,"19":0,"20":0,"21":1,"22":0,"23":0,"24":0,"25":0,"26":0,"27":1,"28":1,"29":1},"f":{"0":1,"1":1,"2":0,"3":0,"4":0,"5":0},"b":{"0":[0]}}
,"/Users/cristianscript/programming/eatlifyBackend/src/controllers/DeliveryController.ts": {"path":"/Users/cristianscript/programming/eatlifyBackend/src/controllers/DeliveryController.ts","statementMap":{"0":{"start":{"line":1,"column":0},"end":{"line":1,"column":33}},"1":{"start":{"line":3,"column":0},"end":{"line":3,"column":62}},"2":{"start":{"line":15,"column":0},"end":{"line":15,"column":13}},"3":{"start":{"line":17,"column":31},"end":{"line":17,"column":48}},"4":{"start":{"line":19,"column":8},"end":{"line":31,"column":null}},"5":{"start":{"line":21,"column":12},"end":{"line":24,"column":8}},"6":{"start":{"line":25,"column":22},"end":{"line":25,"column":null}},"7":{"start":{"line":25,"column":12},"end":{"line":25,"column":null}},"8":{"start":{"line":26,"column":6},"end":{"line":26,"column":56}},"9":{"start":{"line":26,"column":19},"end":{"line":26,"column":56}},"10":{"start":{"line":28,"column":6},"end":{"line":28,"column":35}},"11":{"start":{"line":29,"column":6},"end":{"line":29,"column":49}},"12":{"start":{"line":33,"column":8},"end":{"line":41,"column":null}},"13":{"start":{"line":35,"column":23},"end":{"line":35,"column":null}},"14":{"start":{"line":35,"column":12},"end":{"line":35,"column":null}},"15":{"start":{"line":36,"column":6},"end":{"line":36,"column":44}},"16":{"start":{"line":38,"column":6},"end":{"line":38,"column":35}},"17":{"start":{"line":39,"column":6},"end":{"line":39,"column":50}},"18":{"start":{"line":43,"column":8},"end":{"line":50,"column":null}},"19":{"start":{"line":45,"column":20},"end":{"line":45,"column":null}},"20":{"start":{"line":45,"column":12},"end":{"line":45,"column":null}},"21":{"start":{"line":46,"column":6},"end":{"line":46,"column":45}},"22":{"start":{"line":46,"column":17},"end":{"line":46,"column":45}},"23":{"start":{"line":48,"column":6},"end":{"line":48,"column":51}},"24":{"start":{"line":52,"column":8},"end":{"line":59,"column":null}},"25":{"start":{"line":54,"column":22},"end":{"line":54,"column":null}},"26":{"start":{"line":54,"column":12},"end":{"line":54,"column":null}},"27":{"start":{"line":55,"column":6},"end":{"line":55,"column":24}},"28":{"start":{"line":57,"column":6},"end":{"line":57,"column":51}},"29":{"start":{"line":61,"column":8},"end":{"line":69,"column":null}},"30":{"start":{"line":63,"column":22},"end":{"line":63,"column":null}},"31":{"start":{"line":63,"column":12},"end":{"line":63,"column":null}},"32":{"start":{"line":64,"column":6},"end":{"line":64,"column":24}},"33":{"start":{"line":66,"column":6},"end":{"line":66,"column":35}},"34":{"start":{"line":67,"column":6},"end":{"line":67,"column":43}},"35":{"start":{"line":71,"column":8},"end":{"line":79,"column":null}},"36":{"start":{"line":73,"column":24},"end":{"line":73,"column":null}},"37":{"start":{"line":73,"column":12},"end":{"line":73,"column":null}},"38":{"start":{"line":74,"column":6},"end":{"line":74,"column":26}},"39":{"start":{"line":76,"column":6},"end":{"line":76,"column":35}},"40":{"start":{"line":77,"column":6},"end":{"line":77,"column":43}},"41":{"start":{"line":15,"column":13},"end":{"line":80,"column":null}},"42":{"start":{"line":80,"column":0},"end":{"line":80,"column":null}},"43":{"start":{"line":15,"column":13},"end":{"line":15,"column":31}}},"fnMap":{"0":{"name":"(anonymous_15)","decl":{"start":{"line":15,"column":0},"end":{"line":15,"column":13}},"loc":{"start":{"line":15,"column":0},"end":{"line":15,"column":13}}},"1":{"name":"DeliveryController","decl":{"start":{"line":17,"column":2},"end":{"line":17,"column":31}},"loc":{"start":{"line":17,"column":63},"end":{"line":17,"column":68}}},"2":{"name":"(anonymous_17)","decl":{"start":{"line":19,"column":2},"end":{"line":19,"column":8}},"loc":{"start":{"line":19,"column":45},"end":{"line":31,"column":null}}},"3":{"name":"(anonymous_20)","decl":{"start":{"line":33,"column":2},"end":{"line":33,"column":8}},"loc":{"start":{"line":33,"column":45},"end":{"line":41,"column":null}}},"4":{"name":"(anonymous_23)","decl":{"start":{"line":43,"column":2},"end":{"line":43,"column":8}},"loc":{"start":{"line":43,"column":51},"end":{"line":50,"column":null}}},"5":{"name":"(anonymous_26)","decl":{"start":{"line":52,"column":2},"end":{"line":52,"column":8}},"loc":{"start":{"line":52,"column":52},"end":{"line":59,"column":null}}},"6":{"name":"(anonymous_29)","decl":{"start":{"line":61,"column":2},"end":{"line":61,"column":8}},"loc":{"start":{"line":61,"column":54},"end":{"line":69,"column":null}}},"7":{"name":"(anonymous_32)","decl":{"start":{"line":71,"column":2},"end":{"line":71,"column":8}},"loc":{"start":{"line":71,"column":47},"end":{"line":79,"column":null}}}},"branchMap":{"0":{"loc":{"start":{"line":26,"column":6},"end":{"line":26,"column":56}},"type":"if","locations":[{"start":{"line":26,"column":6},"end":{"line":26,"column":56}}]},"1":{"loc":{"start":{"line":46,"column":6},"end":{"line":46,"column":45}},"type":"if","locations":[{"start":{"line":46,"column":6},"end":{"line":46,"column":45}}]}},"s":{"0":1,"1":1,"2":1,"3":1,"4":1,"5":0,"6":0,"7":0,"8":0,"9":0,"10":0,"11":0,"12":1,"13":0,"14":0,"15":0,"16":0,"17":0,"18":1,"19":0,"20":0,"21":0,"22":0,"23":0,"24":1,"25":0,"26":0,"27":0,"28":0,"29":1,"30":0,"31":0,"32":0,"33":0,"34":0,"35":1,"36":0,"37":0,"38":0,"39":0,"40":0,"41":1,"42":1,"43":1},"f":{"0":1,"1":1,"2":0,"3":0,"4":0,"5":0,"6":0,"7":0},"b":{"0":[0],"1":[0]}}
,"/Users/cristianscript/programming/eatlifyBackend/src/controllers/FinalUsersController.ts": {"path":"/Users/cristianscript/programming/eatlifyBackend/src/controllers/FinalUsersController.ts","statementMap":{"0":{"start":{"line":1,"column":0},"end":{"line":1,"column":33}},"1":{"start":{"line":3,"column":0},"end":{"line":3,"column":66}},"2":{"start":{"line":7,"column":0},"end":{"line":7,"column":13}},"3":{"start":{"line":9,"column":33},"end":{"line":9,"column":52}},"4":{"start":{"line":11,"column":10},"end":{"line":19,"column":null}},"5":{"start":{"line":13,"column":26},"end":{"line":13,"column":null}},"6":{"start":{"line":13,"column":18},"end":{"line":13,"column":null}},"7":{"start":{"line":14,"column":12},"end":{"line":14,"column":51}},"8":{"start":{"line":16,"column":12},"end":{"line":16,"column":41}},"9":{"start":{"line":17,"column":12},"end":{"line":17,"column":48}},"10":{"start":{"line":21,"column":10},"end":{"line":29,"column":null}},"11":{"start":{"line":23,"column":26},"end":{"line":23,"column":null}},"12":{"start":{"line":23,"column":18},"end":{"line":23,"column":null}},"13":{"start":{"line":24,"column":12},"end":{"line":24,"column":51}},"14":{"start":{"line":26,"column":12},"end":{"line":26,"column":41}},"15":{"start":{"line":27,"column":12},"end":{"line":27,"column":57}},"16":{"start":{"line":31,"column":10},"end":{"line":39,"column":null}},"17":{"start":{"line":33,"column":26},"end":{"line":33,"column":null}},"18":{"start":{"line":33,"column":18},"end":{"line":33,"column":null}},"19":{"start":{"line":34,"column":12},"end":{"line":34,"column":28}},"20":{"start":{"line":36,"column":12},"end":{"line":36,"column":41}},"21":{"start":{"line":37,"column":12},"end":{"line":37,"column":49}},"22":{"start":{"line":41,"column":10},"end":{"line":49,"column":null}},"23":{"start":{"line":43,"column":29},"end":{"line":43,"column":null}},"24":{"start":{"line":43,"column":18},"end":{"line":43,"column":null}},"25":{"start":{"line":44,"column":12},"end":{"line":44,"column":31}},"26":{"start":{"line":46,"column":12},"end":{"line":46,"column":41}},"27":{"start":{"line":47,"column":12},"end":{"line":47,"column":49}},"28":{"start":{"line":51,"column":10},"end":{"line":59,"column":null}},"29":{"start":{"line":53,"column":25},"end":{"line":53,"column":null}},"30":{"start":{"line":53,"column":18},"end":{"line":53,"column":null}},"31":{"start":{"line":54,"column":12},"end":{"line":54,"column":27}},"32":{"start":{"line":56,"column":12},"end":{"line":56,"column":41}},"33":{"start":{"line":57,"column":12},"end":{"line":57,"column":49}},"34":{"start":{"line":61,"column":10},"end":{"line":69,"column":null}},"35":{"start":{"line":63,"column":25},"end":{"line":63,"column":null}},"36":{"start":{"line":63,"column":18},"end":{"line":63,"column":null}},"37":{"start":{"line":64,"column":12},"end":{"line":64,"column":27}},"38":{"start":{"line":66,"column":12},"end":{"line":66,"column":41}},"39":{"start":{"line":67,"column":12},"end":{"line":67,"column":49}},"40":{"start":{"line":7,"column":13},"end":{"line":70,"column":null}},"41":{"start":{"line":70,"column":0},"end":{"line":70,"column":null}},"42":{"start":{"line":7,"column":13},"end":{"line":7,"column":33}}},"fnMap":{"0":{"name":"(anonymous_15)","decl":{"start":{"line":7,"column":0},"end":{"line":7,"column":13}},"loc":{"start":{"line":7,"column":0},"end":{"line":7,"column":13}}},"1":{"name":"FinalUsersController","decl":{"start":{"line":9,"column":4},"end":{"line":9,"column":33}},"loc":{"start":{"line":9,"column":69},"end":{"line":9,"column":74}}},"2":{"name":"(anonymous_17)","decl":{"start":{"line":11,"column":4},"end":{"line":11,"column":10}},"loc":{"start":{"line":11,"column":50},"end":{"line":19,"column":null}}},"3":{"name":"(anonymous_20)","decl":{"start":{"line":21,"column":4},"end":{"line":21,"column":10}},"loc":{"start":{"line":21,"column":52},"end":{"line":29,"column":null}}},"4":{"name":"(anonymous_23)","decl":{"start":{"line":31,"column":4},"end":{"line":31,"column":10}},"loc":{"start":{"line":31,"column":50},"end":{"line":39,"column":null}}},"5":{"name":"(anonymous_26)","decl":{"start":{"line":41,"column":4},"end":{"line":41,"column":10}},"loc":{"start":{"line":41,"column":55},"end":{"line":49,"column":null}}},"6":{"name":"(anonymous_29)","decl":{"start":{"line":51,"column":4},"end":{"line":51,"column":10}},"loc":{"start":{"line":51,"column":53},"end":{"line":59,"column":null}}},"7":{"name":"(anonymous_32)","decl":{"start":{"line":61,"column":4},"end":{"line":61,"column":10}},"loc":{"start":{"line":61,"column":53},"end":{"line":69,"column":null}}}},"branchMap":{},"s":{"0":1,"1":1,"2":1,"3":1,"4":1,"5":0,"6":0,"7":0,"8":0,"9":0,"10":1,"11":0,"12":0,"13":0,"14":0,"15":0,"16":1,"17":0,"18":0,"19":0,"20":0,"21":0,"22":1,"23":0,"24":0,"25":0,"26":0,"27":0,"28":1,"29":0,"30":0,"31":0,"32":0,"33":0,"34":1,"35":0,"36":0,"37":0,"38":0,"39":0,"40":1,"41":1,"42":1},"f":{"0":1,"1":1,"2":0,"3":0,"4":0,"5":0,"6":0,"7":0},"b":{}}
,"/Users/cristianscript/programming/eatlifyBackend/src/controllers/ModifierGroupsController.ts": {"path":"/Users/cristianscript/programming/eatlifyBackend/src/controllers/ModifierGroupsController.ts","statementMap":{"0":{"start":{"line":1,"column":0},"end":{"line":1,"column":33}},"1":{"start":{"line":4,"column":0},"end":{"line":4,"column":72}},"2":{"start":{"line":7,"column":0},"end":{"line":7,"column":13}},"3":{"start":{"line":9,"column":33},"end":{"line":9,"column":55}},"4":{"start":{"line":11,"column":10},"end":{"line":19,"column":null}},"5":{"start":{"line":13,"column":31},"end":{"line":13,"column":null}},"6":{"start":{"line":13,"column":18},"end":{"line":13,"column":null}},"7":{"start":{"line":14,"column":12},"end":{"line":14,"column":52}},"8":{"start":{"line":16,"column":12},"end":{"line":16,"column":41}},"9":{"start":{"line":17,"column":12},"end":{"line":17,"column":48}},"10":{"start":{"line":20,"column":10},"end":{"line":28,"column":null}},"11":{"start":{"line":22,"column":33},"end":{"line":22,"column":null}},"12":{"start":{"line":22,"column":18},"end":{"line":22,"column":null}},"13":{"start":{"line":23,"column":12},"end":{"line":23,"column":54}},"14":{"start":{"line":25,"column":12},"end":{"line":25,"column":41}},"15":{"start":{"line":26,"column":12},"end":{"line":26,"column":49}},"16":{"start":{"line":29,"column":10},"end":{"line":36,"column":null}},"17":{"start":{"line":31,"column":29},"end":{"line":31,"column":null}},"18":{"start":{"line":31,"column":18},"end":{"line":31,"column":null}},"19":{"start":{"line":32,"column":12},"end":{"line":32,"column":54}},"20":{"start":{"line":34,"column":12},"end":{"line":34,"column":64}},"21":{"start":{"line":37,"column":10},"end":{"line":44,"column":null}},"22":{"start":{"line":39,"column":29},"end":{"line":39,"column":null}},"23":{"start":{"line":39,"column":18},"end":{"line":39,"column":null}},"24":{"start":{"line":40,"column":12},"end":{"line":40,"column":50}},"25":{"start":{"line":42,"column":12},"end":{"line":42,"column":64}},"26":{"start":{"line":45,"column":10},"end":{"line":52,"column":null}},"27":{"start":{"line":47,"column":27},"end":{"line":47,"column":null}},"28":{"start":{"line":47,"column":18},"end":{"line":47,"column":null}},"29":{"start":{"line":48,"column":12},"end":{"line":48,"column":41}},"30":{"start":{"line":50,"column":12},"end":{"line":50,"column":64}},"31":{"start":{"line":7,"column":13},"end":{"line":53,"column":null}},"32":{"start":{"line":53,"column":0},"end":{"line":53,"column":null}},"33":{"start":{"line":7,"column":13},"end":{"line":7,"column":36}}},"fnMap":{"0":{"name":"(anonymous_15)","decl":{"start":{"line":7,"column":0},"end":{"line":7,"column":13}},"loc":{"start":{"line":7,"column":0},"end":{"line":7,"column":13}}},"1":{"name":"ModifierGroupController","decl":{"start":{"line":9,"column":4},"end":{"line":9,"column":33}},"loc":{"start":{"line":9,"column":75},"end":{"line":9,"column":80}}},"2":{"name":"(anonymous_17)","decl":{"start":{"line":11,"column":4},"end":{"line":11,"column":10}},"loc":{"start":{"line":11,"column":54},"end":{"line":19,"column":null}}},"3":{"name":"(anonymous_20)","decl":{"start":{"line":20,"column":4},"end":{"line":20,"column":10}},"loc":{"start":{"line":20,"column":58},"end":{"line":28,"column":null}}},"4":{"name":"(anonymous_23)","decl":{"start":{"line":29,"column":4},"end":{"line":29,"column":10}},"loc":{"start":{"line":29,"column":53},"end":{"line":36,"column":null}}},"5":{"name":"(anonymous_26)","decl":{"start":{"line":37,"column":4},"end":{"line":37,"column":10}},"loc":{"start":{"line":37,"column":57},"end":{"line":44,"column":null}}},"6":{"name":"(anonymous_29)","decl":{"start":{"line":45,"column":4},"end":{"line":45,"column":10}},"loc":{"start":{"line":45,"column":57},"end":{"line":52,"column":null}}}},"branchMap":{},"s":{"0":1,"1":1,"2":1,"3":1,"4":1,"5":0,"6":0,"7":0,"8":0,"9":0,"10":1,"11":0,"12":0,"13":0,"14":0,"15":0,"16":1,"17":0,"18":0,"19":0,"20":0,"21":1,"22":0,"23":0,"24":0,"25":0,"26":1,"27":0,"28":0,"29":0,"30":0,"31":1,"32":1,"33":1},"f":{"0":1,"1":1,"2":0,"3":0,"4":0,"5":0,"6":0},"b":{}}
,"/Users/cristianscript/programming/eatlifyBackend/src/controllers/OrdersController.ts": {"path":"/Users/cristianscript/programming/eatlifyBackend/src/controllers/OrdersController.ts","statementMap":{"0":{"start":{"line":1,"column":0},"end":{"line":1,"column":33}},"1":{"start":{"line":3,"column":0},"end":{"line":3,"column":56}},"2":{"start":{"line":7,"column":0},"end":{"line":7,"column":13}},"3":{"start":{"line":9,"column":33},"end":{"line":9,"column":47}},"4":{"start":{"line":11,"column":10},"end":{"line":19,"column":null}},"5":{"start":{"line":13,"column":29},"end":{"line":13,"column":null}},"6":{"start":{"line":13,"column":18},"end":{"line":13,"column":null}},"7":{"start":{"line":14,"column":12},"end":{"line":14,"column":104}},"8":{"start":{"line":16,"column":12},"end":{"line":16,"column":33}},"9":{"start":{"line":17,"column":12},"end":{"line":17,"column":85}},"10":{"start":{"line":21,"column":10},"end":{"line":32,"column":null}},"11":{"start":{"line":23,"column":30},"end":{"line":23,"column":null}},"12":{"start":{"line":23,"column":18},"end":{"line":23,"column":null}},"13":{"start":{"line":24,"column":12},"end":{"line":27,"column":15}},"14":{"start":{"line":29,"column":12},"end":{"line":29,"column":33}},"15":{"start":{"line":30,"column":12},"end":{"line":30,"column":78}},"16":{"start":{"line":33,"column":10},"end":{"line":40,"column":null}},"17":{"start":{"line":35,"column":26},"end":{"line":35,"column":null}},"18":{"start":{"line":35,"column":18},"end":{"line":35,"column":null}},"19":{"start":{"line":36,"column":12},"end":{"line":36,"column":83}},"20":{"start":{"line":38,"column":12},"end":{"line":38,"column":64}},"21":{"start":{"line":42,"column":10},"end":{"line":50,"column":null}},"22":{"start":{"line":44,"column":27},"end":{"line":44,"column":null}},"23":{"start":{"line":44,"column":18},"end":{"line":44,"column":null}},"24":{"start":{"line":45,"column":12},"end":{"line":45,"column":48}},"25":{"start":{"line":47,"column":12},"end":{"line":47,"column":33}},"26":{"start":{"line":48,"column":12},"end":{"line":48,"column":81}},"27":{"start":{"line":52,"column":10},"end":{"line":60,"column":null}},"28":{"start":{"line":54,"column":12},"end":{"line":54,"column":63}},"29":{"start":{"line":55,"column":12},"end":{"line":55,"column":78}},"30":{"start":{"line":57,"column":12},"end":{"line":57,"column":33}},"31":{"start":{"line":58,"column":12},"end":{"line":58,"column":81}},"32":{"start":{"line":7,"column":13},"end":{"line":61,"column":null}},"33":{"start":{"line":61,"column":0},"end":{"line":61,"column":null}},"34":{"start":{"line":7,"column":13},"end":{"line":7,"column":29}}},"fnMap":{"0":{"name":"(anonymous_15)","decl":{"start":{"line":7,"column":0},"end":{"line":7,"column":13}},"loc":{"start":{"line":7,"column":0},"end":{"line":7,"column":13}}},"1":{"name":"OrdersController","decl":{"start":{"line":9,"column":4},"end":{"line":9,"column":33}},"loc":{"start":{"line":9,"column":59},"end":{"line":9,"column":64}}},"2":{"name":"(anonymous_17)","decl":{"start":{"line":11,"column":4},"end":{"line":11,"column":10}},"loc":{"start":{"line":11,"column":46},"end":{"line":19,"column":null}}},"3":{"name":"(anonymous_20)","decl":{"start":{"line":21,"column":4},"end":{"line":21,"column":10}},"loc":{"start":{"line":21,"column":47},"end":{"line":32,"column":null}}},"4":{"name":"(anonymous_23)","decl":{"start":{"line":33,"column":4},"end":{"line":33,"column":10}},"loc":{"start":{"line":33,"column":51},"end":{"line":40,"column":null}}},"5":{"name":"(anonymous_26)","decl":{"start":{"line":42,"column":4},"end":{"line":42,"column":10}},"loc":{"start":{"line":42,"column":49},"end":{"line":50,"column":null}}},"6":{"name":"(anonymous_29)","decl":{"start":{"line":52,"column":4},"end":{"line":52,"column":10}},"loc":{"start":{"line":52,"column":49},"end":{"line":60,"column":null}}}},"branchMap":{},"s":{"0":1,"1":1,"2":1,"3":1,"4":1,"5":0,"6":0,"7":0,"8":0,"9":0,"10":1,"11":0,"12":0,"13":0,"14":0,"15":0,"16":1,"17":0,"18":0,"19":0,"20":0,"21":1,"22":0,"23":0,"24":0,"25":0,"26":0,"27":1,"28":0,"29":0,"30":0,"31":0,"32":1,"33":1,"34":1},"f":{"0":1,"1":1,"2":0,"3":0,"4":0,"5":0,"6":0},"b":{}}
,"/Users/cristianscript/programming/eatlifyBackend/src/controllers/PreventasController.ts": {"path":"/Users/cristianscript/programming/eatlifyBackend/src/controllers/PreventasController.ts","statementMap":{"0":{"start":{"line":2,"column":0},"end":{"line":2,"column":28}},"1":{"start":{"line":3,"column":0},"end":{"line":3,"column":43}},"2":{"start":{"line":5,"column":0},"end":{"line":5,"column":32}},"3":{"start":{"line":8,"column":0},"end":{"line":8,"column":13}},"4":{"start":{"line":9,"column":8},"end":{"line":39,"column":null}},"5":{"start":{"line":17,"column":14},"end":{"line":17,"column":33}},"6":{"start":{"line":19,"column":12},"end":{"line":32,"column":9}},"7":{"start":{"line":20,"column":23},"end":{"line":29,"column":10}},"8":{"start":{"line":30,"column":8},"end":{"line":30,"column":40}},"9":{"start":{"line":31,"column":8},"end":{"line":31,"column":22}},"10":{"start":{"line":33,"column":23},"end":{"line":33,"column":null}},"11":{"start":{"line":33,"column":12},"end":{"line":33,"column":null}},"12":{"start":{"line":34,"column":6},"end":{"line":34,"column":37}},"13":{"start":{"line":36,"column":6},"end":{"line":36,"column":35}},"14":{"start":{"line":37,"column":6},"end":{"line":37,"column":43}},"15":{"start":{"line":41,"column":8},"end":{"line":54,"column":null}},"16":{"start":{"line":43,"column":20},"end":{"line":43,"column":null}},"17":{"start":{"line":43,"column":12},"end":{"line":43,"column":null}},"18":{"start":{"line":44,"column":6},"end":{"line":46,"column":null}},"19":{"start":{"line":45,"column":8},"end":{"line":45,"column":64}},"20":{"start":{"line":48,"column":6},"end":{"line":48,"column":27}},"21":{"start":{"line":49,"column":6},"end":{"line":49,"column":22}},"22":{"start":{"line":51,"column":6},"end":{"line":51,"column":35}},"23":{"start":{"line":52,"column":6},"end":{"line":52,"column":43}},"24":{"start":{"line":56,"column":8},"end":{"line":75,"column":null}},"25":{"start":{"line":58,"column":12},"end":{"line":58,"column":63}},"26":{"start":{"line":59,"column":20},"end":{"line":59,"column":null}},"27":{"start":{"line":59,"column":12},"end":{"line":59,"column":null}},"28":{"start":{"line":60,"column":6},"end":{"line":63,"column":76}},"29":{"start":{"line":61,"column":8},"end":{"line":63,"column":76}},"30":{"start":{"line":64,"column":6},"end":{"line":64,"column":24}},"31":{"start":{"line":65,"column":6},"end":{"line":65,"column":26}},"32":{"start":{"line":66,"column":6},"end":{"line":66,"column":38}},"33":{"start":{"line":67,"column":6},"end":{"line":67,"column":32}},"34":{"start":{"line":68,"column":6},"end":{"line":68,"column":32}},"35":{"start":{"line":69,"column":6},"end":{"line":69,"column":25}},"36":{"start":{"line":70,"column":6},"end":{"line":70,"column":22}},"37":{"start":{"line":72,"column":6},"end":{"line":72,"column":35}},"38":{"start":{"line":73,"column":6},"end":{"line":73,"column":43}},"39":{"start":{"line":77,"column":8},"end":{"line":85,"column":null}},"40":{"start":{"line":79,"column":20},"end":{"line":79,"column":null}},"41":{"start":{"line":79,"column":12},"end":{"line":79,"column":null}},"42":{"start":{"line":80,"column":6},"end":{"line":80,"column":22}},"43":{"start":{"line":82,"column":6},"end":{"line":82,"column":35}},"44":{"start":{"line":83,"column":6},"end":{"line":83,"column":43}},"45":{"start":{"line":87,"column":8},"end":{"line":103,"column":null}},"46":{"start":{"line":89,"column":20},"end":{"line":89,"column":null}},"47":{"start":{"line":89,"column":12},"end":{"line":89,"column":null}},"48":{"start":{"line":90,"column":6},"end":{"line":90,"column":38}},"49":{"start":{"line":90,"column":17},"end":{"line":90,"column":38}},"50":{"start":{"line":91,"column":6},"end":{"line":93,"column":8}},"51":{"start":{"line":94,"column":6},"end":{"line":94,"column":40}},"52":{"start":{"line":99,"column":6},"end":{"line":99,"column":80}},"53":{"start":{"line":100,"column":6},"end":{"line":100,"column":35}},"54":{"start":{"line":101,"column":6},"end":{"line":101,"column":43}},"55":{"start":{"line":104,"column":0},"end":{"line":104,"column":null}},"56":{"start":{"line":8,"column":13},"end":{"line":8,"column":32}}},"fnMap":{"0":{"name":"(anonymous_14)","decl":{"start":{"line":8,"column":0},"end":{"line":8,"column":13}},"loc":{"start":{"line":8,"column":0},"end":{"line":104,"column":null}}},"1":{"name":"(anonymous_16)","decl":{"start":{"line":9,"column":2},"end":{"line":9,"column":8}},"loc":{"start":{"line":9,"column":60},"end":{"line":39,"column":null}}},"2":{"name":"(anonymous_19)","decl":{"start":{"line":19,"column":42},"end":{"line":19,"column":43}},"loc":{"start":{"line":19,"column":46},"end":{"line":32,"column":7}}},"3":{"name":"(anonymous_20)","decl":{"start":{"line":41,"column":2},"end":{"line":41,"column":8}},"loc":{"start":{"line":41,"column":61},"end":{"line":54,"column":null}}},"4":{"name":"(anonymous_23)","decl":{"start":{"line":56,"column":2},"end":{"line":56,"column":8}},"loc":{"start":{"line":56,"column":63},"end":{"line":75,"column":null}}},"5":{"name":"(anonymous_26)","decl":{"start":{"line":77,"column":2},"end":{"line":77,"column":8}},"loc":{"start":{"line":77,"column":57},"end":{"line":85,"column":null}}},"6":{"name":"(anonymous_29)","decl":{"start":{"line":87,"column":2},"end":{"line":87,"column":8}},"loc":{"start":{"line":87,"column":62},"end":{"line":103,"column":null}}}},"branchMap":{"0":{"loc":{"start":{"line":44,"column":6},"end":{"line":46,"column":null}},"type":"if","locations":[{"start":{"line":44,"column":6},"end":{"line":46,"column":null}}]},"1":{"loc":{"start":{"line":60,"column":6},"end":{"line":63,"column":76}},"type":"if","locations":[{"start":{"line":60,"column":6},"end":{"line":63,"column":76}}]},"2":{"loc":{"start":{"line":90,"column":6},"end":{"line":90,"column":38}},"type":"if","locations":[{"start":{"line":90,"column":6},"end":{"line":90,"column":38}}]}},"s":{"0":1,"1":1,"2":1,"3":1,"4":1,"5":0,"6":0,"7":0,"8":0,"9":0,"10":0,"11":0,"12":0,"13":0,"14":0,"15":1,"16":0,"17":0,"18":0,"19":0,"20":0,"21":0,"22":0,"23":0,"24":1,"25":0,"26":0,"27":0,"28":0,"29":0,"30":0,"31":0,"32":0,"33":0,"34":0,"35":0,"36":0,"37":0,"38":0,"39":1,"40":0,"41":0,"42":0,"43":0,"44":0,"45":1,"46":0,"47":0,"48":0,"49":0,"50":0,"51":0,"52":0,"53":0,"54":0,"55":1,"56":1},"f":{"0":2,"1":0,"2":0,"3":0,"4":0,"5":0,"6":0},"b":{"0":[0],"1":[0],"2":[0]}}
,"/Users/cristianscript/programming/eatlifyBackend/src/controllers/ProductosTesController.ts": {"path":"/Users/cristianscript/programming/eatlifyBackend/src/controllers/ProductosTesController.ts","statementMap":{"0":{"start":{"line":2,"column":0},"end":{"line":2,"column":52}},"1":{"start":{"line":11,"column":0},"end":{"line":11,"column":13}},"2":{"start":{"line":13,"column":10},"end":{"line":37,"column":null}},"3":{"start":{"line":14,"column":8},"end":{"line":14,"column":60}},"4":{"start":{"line":15,"column":8},"end":{"line":15,"column":47}},"5":{"start":{"line":17,"column":8},"end":{"line":17,"column":48}},"6":{"start":{"line":18,"column":8},"end":{"line":18,"column":31}},"7":{"start":{"line":20,"column":12},"end":{"line":20,"column":35}},"8":{"start":{"line":21,"column":18},"end":{"line":21,"column":79}},"9":{"start":{"line":23,"column":33},"end":{"line":23,"column":null}},"10":{"start":{"line":23,"column":16},"end":{"line":23,"column":null}},"11":{"start":{"line":24,"column":12},"end":{"line":26,"column":null}},"12":{"start":{"line":25,"column":16},"end":{"line":25,"column":86}},"13":{"start":{"line":27,"column":18},"end":{"line":27,"column":99}},"14":{"start":{"line":28,"column":16},"end":{"line":28,"column":43}},"15":{"start":{"line":28,"column":12},"end":{"line":30,"column":null}},"16":{"start":{"line":29,"column":16},"end":{"line":29,"column":125}},"17":{"start":{"line":33,"column":12},"end":{"line":33,"column":53}},"18":{"start":{"line":34,"column":12},"end":{"line":34,"column":33}},"19":{"start":{"line":35,"column":12},"end":{"line":35,"column":74}},"20":{"start":{"line":40,"column":10},"end":{"line":60,"column":null}},"21":{"start":{"line":41,"column":8},"end":{"line":41,"column":62}},"22":{"start":{"line":42,"column":8},"end":{"line":42,"column":47}},"23":{"start":{"line":45,"column":12},"end":{"line":45,"column":35}},"24":{"start":{"line":46,"column":32},"end":{"line":46,"column":null}},"25":{"start":{"line":46,"column":18},"end":{"line":46,"column":null}},"26":{"start":{"line":47,"column":12},"end":{"line":51,"column":null}},"27":{"start":{"line":48,"column":16},"end":{"line":50,"column":44}},"28":{"start":{"line":55,"column":12},"end":{"line":55,"column":53}},"29":{"start":{"line":56,"column":12},"end":{"line":56,"column":33}},"30":{"start":{"line":57,"column":12},"end":{"line":57,"column":74}},"31":{"start":{"line":61,"column":10},"end":{"line":78,"column":null}},"32":{"start":{"line":64,"column":28},"end":{"line":64,"column":null}},"33":{"start":{"line":64,"column":18},"end":{"line":64,"column":null}},"34":{"start":{"line":65,"column":12},"end":{"line":70,"column":null}},"35":{"start":{"line":66,"column":16},"end":{"line":66,"column":96}},"36":{"start":{"line":69,"column":16},"end":{"line":69,"column":102}},"37":{"start":{"line":73,"column":12},"end":{"line":73,"column":53}},"38":{"start":{"line":74,"column":12},"end":{"line":74,"column":33}},"39":{"start":{"line":75,"column":12},"end":{"line":75,"column":74}},"40":{"start":{"line":81,"column":10},"end":{"line":107,"column":null}},"41":{"start":{"line":82,"column":8},"end":{"line":82,"column":63}},"42":{"start":{"line":83,"column":8},"end":{"line":83,"column":47}},"43":{"start":{"line":86,"column":12},"end":{"line":86,"column":55}},"44":{"start":{"line":87,"column":12},"end":{"line":87,"column":35}},"45":{"start":{"line":88,"column":18},"end":{"line":88,"column":66}},"46":{"start":{"line":90,"column":28},"end":{"line":90,"column":null}},"47":{"start":{"line":90,"column":18},"end":{"line":90,"column":null}},"48":{"start":{"line":91,"column":12},"end":{"line":91,"column":34}},"49":{"start":{"line":92,"column":12},"end":{"line":92,"column":34}},"50":{"start":{"line":93,"column":12},"end":{"line":93,"column":46}},"51":{"start":{"line":94,"column":12},"end":{"line":94,"column":40}},"52":{"start":{"line":95,"column":12},"end":{"line":95,"column":44}},"53":{"start":{"line":96,"column":16},"end":{"line":96,"column":37}},"54":{"start":{"line":96,"column":12},"end":{"line":99,"column":null}},"55":{"start":{"line":97,"column":16},"end":{"line":97,"column":92}},"56":{"start":{"line":103,"column":12},"end":{"line":103,"column":53}},"57":{"start":{"line":104,"column":12},"end":{"line":104,"column":33}},"58":{"start":{"line":105,"column":12},"end":{"line":105,"column":74}},"59":{"start":{"line":110,"column":10},"end":{"line":128,"column":null}},"60":{"start":{"line":111,"column":8},"end":{"line":111,"column":63}},"61":{"start":{"line":112,"column":8},"end":{"line":112,"column":47}},"62":{"start":{"line":113,"column":8},"end":{"line":113,"column":51}},"63":{"start":{"line":114,"column":8},"end":{"line":114,"column":31}},"64":{"start":{"line":117,"column":28},"end":{"line":117,"column":null}},"65":{"start":{"line":117,"column":18},"end":{"line":117,"column":null}},"66":{"start":{"line":118,"column":12},"end":{"line":121,"column":null}},"67":{"start":{"line":119,"column":16},"end":{"line":119,"column":82}},"68":{"start":{"line":123,"column":12},"end":{"line":123,"column":53}},"69":{"start":{"line":124,"column":12},"end":{"line":124,"column":33}},"70":{"start":{"line":125,"column":12},"end":{"line":125,"column":74}},"71":{"start":{"line":130,"column":10},"end":{"line":151,"column":null}},"72":{"start":{"line":137,"column":28},"end":{"line":137,"column":null}},"73":{"start":{"line":137,"column":18},"end":{"line":137,"column":null}},"74":{"start":{"line":140,"column":12},"end":{"line":142,"column":null}},"75":{"start":{"line":141,"column":16},"end":{"line":141,"column":57}},"76":{"start":{"line":144,"column":12},"end":{"line":144,"column":27}},"77":{"start":{"line":146,"column":12},"end":{"line":146,"column":28}},"78":{"start":{"line":149,"column":12},"end":{"line":149,"column":57}},"79":{"start":{"line":153,"column":0},"end":{"line":153,"column":null}},"80":{"start":{"line":11,"column":13},"end":{"line":11,"column":36}}},"fnMap":{"0":{"name":"(anonymous_14)","decl":{"start":{"line":11,"column":0},"end":{"line":11,"column":13}},"loc":{"start":{"line":11,"column":0},"end":{"line":153,"column":null}}},"1":{"name":"(anonymous_16)","decl":{"start":{"line":13,"column":4},"end":{"line":13,"column":10}},"loc":{"start":{"line":13,"column":50},"end":{"line":37,"column":null}}},"2":{"name":"(anonymous_19)","decl":{"start":{"line":40,"column":4},"end":{"line":40,"column":10}},"loc":{"start":{"line":40,"column":46},"end":{"line":60,"column":null}}},"3":{"name":"(anonymous_22)","decl":{"start":{"line":61,"column":4},"end":{"line":61,"column":10}},"loc":{"start":{"line":61,"column":51},"end":{"line":78,"column":null}}},"4":{"name":"(anonymous_25)","decl":{"start":{"line":81,"column":4},"end":{"line":81,"column":10}},"loc":{"start":{"line":81,"column":53},"end":{"line":107,"column":null}}},"5":{"name":"(anonymous_28)","decl":{"start":{"line":110,"column":4},"end":{"line":110,"column":10}},"loc":{"start":{"line":110,"column":51},"end":{"line":128,"column":null}}},"6":{"name":"(anonymous_31)","decl":{"start":{"line":130,"column":4},"end":{"line":130,"column":10}},"loc":{"start":{"line":130,"column":50},"end":{"line":151,"column":null}}}},"branchMap":{"0":{"loc":{"start":{"line":24,"column":12},"end":{"line":26,"column":null}},"type":"if","locations":[{"start":{"line":24,"column":12},"end":{"line":26,"column":null}}]},"1":{"loc":{"start":{"line":28,"column":12},"end":{"line":30,"column":null}},"type":"if","locations":[{"start":{"line":28,"column":12},"end":{"line":30,"column":null}}]},"2":{"loc":{"start":{"line":47,"column":12},"end":{"line":51,"column":null}},"type":"if","locations":[{"start":{"line":47,"column":12},"end":{"line":51,"column":null}}]},"3":{"loc":{"start":{"line":65,"column":12},"end":{"line":70,"column":null}},"type":"if","locations":[{"start":{"line":65,"column":12},"end":{"line":70,"column":null}},{"start":{"line":68,"column":19},"end":{"line":70,"column":null}}]},"4":{"loc":{"start":{"line":96,"column":12},"end":{"line":99,"column":null}},"type":"if","locations":[{"start":{"line":96,"column":12},"end":{"line":99,"column":null}}]},"5":{"loc":{"start":{"line":118,"column":12},"end":{"line":121,"column":null}},"type":"if","locations":[{"start":{"line":118,"column":12},"end":{"line":121,"column":null}}]},"6":{"loc":{"start":{"line":140,"column":12},"end":{"line":142,"column":null}},"type":"if","locations":[{"start":{"line":140,"column":12},"end":{"line":142,"column":null}}]}},"s":{"0":1,"1":1,"2":1,"3":0,"4":0,"5":0,"6":0,"7":0,"8":0,"9":0,"10":0,"11":0,"12":0,"13":0,"14":0,"15":0,"16":0,"17":0,"18":0,"19":0,"20":1,"21":0,"22":0,"23":0,"24":0,"25":0,"26":0,"27":0,"28":0,"29":0,"30":0,"31":1,"32":0,"33":0,"34":0,"35":0,"36":0,"37":0,"38":0,"39":0,"40":1,"41":0,"42":0,"43":0,"44":0,"45":0,"46":0,"47":0,"48":0,"49":0,"50":0,"51":0,"52":0,"53":0,"54":0,"55":0,"56":0,"57":0,"58":0,"59":1,"60":0,"61":0,"62":0,"63":0,"64":0,"65":0,"66":0,"67":0,"68":0,"69":0,"70":0,"71":1,"72":0,"73":0,"74":0,"75":0,"76":0,"77":0,"78":0,"79":1,"80":1},"f":{"0":2,"1":0,"2":0,"3":0,"4":0,"5":0,"6":0},"b":{"0":[0],"1":[0],"2":[0],"3":[0,0],"4":[0],"5":[0],"6":[0]}}
,"/Users/cristianscript/programming/eatlifyBackend/src/controllers/ProductsController.ts": {"path":"/Users/cristianscript/programming/eatlifyBackend/src/controllers/ProductsController.ts","statementMap":{"0":{"start":{"line":2,"column":0},"end":{"line":2,"column":58}},"1":{"start":{"line":7,"column":0},"end":{"line":7,"column":13}},"2":{"start":{"line":9,"column":10},"end":{"line":32,"column":null}},"3":{"start":{"line":11,"column":10},"end":{"line":11,"column":32}},"4":{"start":{"line":12,"column":10},"end":{"line":12,"column":19}},"5":{"start":{"line":13,"column":16},"end":{"line":13,"column":79}},"6":{"start":{"line":14,"column":14},"end":{"line":14,"column":33}},"7":{"start":{"line":15,"column":10},"end":{"line":17,"column":null}},"8":{"start":{"line":16,"column":12},"end":{"line":16,"column":45}},"9":{"start":{"line":18,"column":35},"end":{"line":20,"column":null}},"10":{"start":{"line":18,"column":16},"end":{"line":20,"column":null}},"11":{"start":{"line":22,"column":10},"end":{"line":22,"column":135}},"12":{"start":{"line":22,"column":51},"end":{"line":22,"column":135}},"13":{"start":{"line":23,"column":10},"end":{"line":23,"column":92}},"14":{"start":{"line":23,"column":32},"end":{"line":23,"column":92}},"15":{"start":{"line":24,"column":16},"end":{"line":24,"column":128}},"16":{"start":{"line":25,"column":24},"end":{"line":25,"column":null}},"17":{"start":{"line":25,"column":16},"end":{"line":25,"column":null}},"18":{"start":{"line":26,"column":10},"end":{"line":26,"column":49}},"19":{"start":{"line":26,"column":21},"end":{"line":26,"column":49}},"20":{"start":{"line":28,"column":10},"end":{"line":28,"column":39}},"21":{"start":{"line":29,"column":10},"end":{"line":29,"column":38}},"22":{"start":{"line":34,"column":10},"end":{"line":49,"column":8}},"23":{"start":{"line":37,"column":26},"end":{"line":37,"column":null}},"24":{"start":{"line":37,"column":16},"end":{"line":37,"column":null}},"25":{"start":{"line":38,"column":10},"end":{"line":40,"column":null}},"26":{"start":{"line":39,"column":12},"end":{"line":39,"column":68}},"27":{"start":{"line":42,"column":10},"end":{"line":42,"column":33}},"28":{"start":{"line":43,"column":10},"end":{"line":43,"column":28}},"29":{"start":{"line":45,"column":10},"end":{"line":45,"column":39}},"30":{"start":{"line":46,"column":10},"end":{"line":46,"column":38}},"31":{"start":{"line":51,"column":10},"end":{"line":79,"column":8}},"32":{"start":{"line":54,"column":26},"end":{"line":54,"column":null}},"33":{"start":{"line":54,"column":16},"end":{"line":54,"column":null}},"34":{"start":{"line":55,"column":14},"end":{"line":55,"column":33}},"35":{"start":{"line":56,"column":16},"end":{"line":56,"column":55}},"36":{"start":{"line":57,"column":10},"end":{"line":59,"column":null}},"37":{"start":{"line":58,"column":12},"end":{"line":58,"column":45}},"38":{"start":{"line":61,"column":10},"end":{"line":61,"column":30}},"39":{"start":{"line":62,"column":10},"end":{"line":62,"column":32}},"40":{"start":{"line":63,"column":10},"end":{"line":63,"column":44}},"41":{"start":{"line":64,"column":10},"end":{"line":64,"column":38}},"42":{"start":{"line":65,"column":10},"end":{"line":65,"column":42}},"43":{"start":{"line":66,"column":10},"end":{"line":66,"column":31}},"44":{"start":{"line":67,"column":10},"end":{"line":67,"column":28}},"45":{"start":{"line":69,"column":10},"end":{"line":69,"column":49}},"46":{"start":{"line":70,"column":10},"end":{"line":70,"column":49}},"47":{"start":{"line":71,"column":10},"end":{"line":71,"column":49}},"48":{"start":{"line":72,"column":10},"end":{"line":72,"column":39}},"49":{"start":{"line":73,"column":10},"end":{"line":73,"column":49}},"50":{"start":{"line":74,"column":10},"end":{"line":74,"column":49}},"51":{"start":{"line":75,"column":10},"end":{"line":75,"column":49}},"52":{"start":{"line":76,"column":10},"end":{"line":76,"column":38}},"53":{"start":{"line":81,"column":10},"end":{"line":93,"column":8}},"54":{"start":{"line":83,"column":10},"end":{"line":83,"column":39}},"55":{"start":{"line":84,"column":10},"end":{"line":84,"column":44}},"56":{"start":{"line":85,"column":10},"end":{"line":85,"column":32}},"57":{"start":{"line":86,"column":28},"end":{"line":86,"column":null}},"58":{"start":{"line":86,"column":16},"end":{"line":86,"column":null}},"59":{"start":{"line":87,"column":10},"end":{"line":87,"column":30}},"60":{"start":{"line":89,"column":10},"end":{"line":89,"column":39}},"61":{"start":{"line":90,"column":10},"end":{"line":90,"column":38}},"62":{"start":{"line":95,"column":12},"end":{"line":103,"column":null}},"63":{"start":{"line":97,"column":26},"end":{"line":97,"column":null}},"64":{"start":{"line":97,"column":16},"end":{"line":97,"column":null}},"65":{"start":{"line":98,"column":10},"end":{"line":98,"column":40}},"66":{"start":{"line":101,"column":10},"end":{"line":101,"column":47}},"67":{"start":{"line":106,"column":12},"end":{"line":114,"column":null}},"68":{"start":{"line":108,"column":27},"end":{"line":108,"column":null}},"69":{"start":{"line":108,"column":16},"end":{"line":108,"column":null}},"70":{"start":{"line":109,"column":10},"end":{"line":109,"column":41}},"71":{"start":{"line":112,"column":10},"end":{"line":112,"column":47}},"72":{"start":{"line":119,"column":0},"end":{"line":119,"column":null}},"73":{"start":{"line":7,"column":13},"end":{"line":7,"column":31}}},"fnMap":{"0":{"name":"(anonymous_14)","decl":{"start":{"line":7,"column":0},"end":{"line":7,"column":13}},"loc":{"start":{"line":7,"column":0},"end":{"line":119,"column":null}}},"1":{"name":"(anonymous_16)","decl":{"start":{"line":9,"column":4},"end":{"line":9,"column":10}},"loc":{"start":{"line":9,"column":64},"end":{"line":32,"column":null}}},"2":{"name":"(anonymous_19)","decl":{"start":{"line":34,"column":4},"end":{"line":34,"column":10}},"loc":{"start":{"line":34,"column":52},"end":{"line":49,"column":8}}},"3":{"name":"(anonymous_22)","decl":{"start":{"line":51,"column":4},"end":{"line":51,"column":10}},"loc":{"start":{"line":51,"column":55},"end":{"line":79,"column":8}}},"4":{"name":"(anonymous_25)","decl":{"start":{"line":81,"column":4},"end":{"line":81,"column":10}},"loc":{"start":{"line":81,"column":60},"end":{"line":93,"column":8}}},"5":{"name":"(anonymous_28)","decl":{"start":{"line":95,"column":6},"end":{"line":95,"column":12}},"loc":{"start":{"line":95,"column":65},"end":{"line":103,"column":null}}},"6":{"name":"(anonymous_31)","decl":{"start":{"line":106,"column":6},"end":{"line":106,"column":12}},"loc":{"start":{"line":106,"column":68},"end":{"line":114,"column":null}}}},"branchMap":{"0":{"loc":{"start":{"line":15,"column":10},"end":{"line":17,"column":null}},"type":"if","locations":[{"start":{"line":15,"column":10},"end":{"line":17,"column":null}}]},"1":{"loc":{"start":{"line":22,"column":10},"end":{"line":22,"column":135}},"type":"if","locations":[{"start":{"line":22,"column":10},"end":{"line":22,"column":135}}]},"2":{"loc":{"start":{"line":22,"column":14},"end":{"line":22,"column":49}},"type":"binary-expr","locations":[{"start":{"line":22,"column":14},"end":{"line":22,"column":20}},{"start":{"line":22,"column":24},"end":{"line":22,"column":36}},{"start":{"line":22,"column":40},"end":{"line":22,"column":49}}]},"3":{"loc":{"start":{"line":23,"column":10},"end":{"line":23,"column":92}},"type":"if","locations":[{"start":{"line":23,"column":10},"end":{"line":23,"column":92}}]},"4":{"loc":{"start":{"line":26,"column":10},"end":{"line":26,"column":49}},"type":"if","locations":[{"start":{"line":26,"column":10},"end":{"line":26,"column":49}}]},"5":{"loc":{"start":{"line":38,"column":10},"end":{"line":40,"column":null}},"type":"if","locations":[{"start":{"line":38,"column":10},"end":{"line":40,"column":null}}]},"6":{"loc":{"start":{"line":57,"column":10},"end":{"line":59,"column":null}},"type":"if","locations":[{"start":{"line":57,"column":10},"end":{"line":59,"column":null}}]}},"s":{"0":1,"1":1,"2":1,"3":0,"4":0,"5":0,"6":0,"7":0,"8":0,"9":0,"10":0,"11":0,"12":0,"13":0,"14":0,"15":0,"16":0,"17":0,"18":0,"19":0,"20":0,"21":0,"22":1,"23":0,"24":0,"25":0,"26":0,"27":0,"28":0,"29":0,"30":0,"31":1,"32":0,"33":0,"34":0,"35":0,"36":0,"37":0,"38":0,"39":0,"40":0,"41":0,"42":0,"43":0,"44":0,"45":0,"46":0,"47":0,"48":0,"49":0,"50":0,"51":0,"52":0,"53":1,"54":0,"55":0,"56":0,"57":0,"58":0,"59":0,"60":0,"61":0,"62":1,"63":0,"64":0,"65":0,"66":0,"67":1,"68":0,"69":0,"70":0,"71":0,"72":1,"73":1},"f":{"0":2,"1":0,"2":0,"3":0,"4":0,"5":0,"6":0},"b":{"0":[0],"1":[0],"2":[0,0,0],"3":[0],"4":[0],"5":[0],"6":[0]}}
,"/Users/cristianscript/programming/eatlifyBackend/src/controllers/RestaurantController.ts": {"path":"/Users/cristianscript/programming/eatlifyBackend/src/controllers/RestaurantController.ts","statementMap":{"0":{"start":{"line":1,"column":0},"end":{"line":1,"column":33}},"1":{"start":{"line":3,"column":0},"end":{"line":3,"column":63}},"2":{"start":{"line":4,"column":0},"end":{"line":4,"column":65}},"3":{"start":{"line":17,"column":0},"end":{"line":17,"column":13}},"4":{"start":{"line":19,"column":31},"end":{"line":19,"column":50}},"5":{"start":{"line":21,"column":8},"end":{"line":23,"column":null}},"6":{"start":{"line":22,"column":4},"end":{"line":22,"column":69}},"7":{"start":{"line":25,"column":8},"end":{"line":48,"column":null}},"8":{"start":{"line":26,"column":11},"end":{"line":26,"column":24}},"9":{"start":{"line":27,"column":4},"end":{"line":27,"column":73}},"10":{"start":{"line":27,"column":20},"end":{"line":27,"column":73}},"11":{"start":{"line":29,"column":6},"end":{"line":29,"column":36}},"12":{"start":{"line":30,"column":6},"end":{"line":30,"column":28}},"13":{"start":{"line":31,"column":12},"end":{"line":34,"column":8}},"14":{"start":{"line":36,"column":25},"end":{"line":40,"column":null}},"15":{"start":{"line":36,"column":12},"end":{"line":40,"column":null}},"16":{"start":{"line":41,"column":6},"end":{"line":41,"column":62}},"17":{"start":{"line":41,"column":22},"end":{"line":41,"column":62}},"18":{"start":{"line":44,"column":6},"end":{"line":44,"column":52}},"19":{"start":{"line":45,"column":6},"end":{"line":45,"column":49}},"20":{"start":{"line":46,"column":6},"end":{"line":46,"column":65}},"21":{"start":{"line":52,"column":8},"end":{"line":67,"column":null}},"22":{"start":{"line":55,"column":10},"end":{"line":55,"column":32}},"23":{"start":{"line":58,"column":25},"end":{"line":61,"column":null}},"24":{"start":{"line":58,"column":12},"end":{"line":61,"column":null}},"25":{"start":{"line":62,"column":6},"end":{"line":62,"column":46}},"26":{"start":{"line":64,"column":6},"end":{"line":64,"column":35}},"27":{"start":{"line":65,"column":6},"end":{"line":65,"column":50}},"28":{"start":{"line":69,"column":8},"end":{"line":92,"column":null}},"29":{"start":{"line":72,"column":10},"end":{"line":72,"column":25}},"30":{"start":{"line":73,"column":10},"end":{"line":73,"column":29}},"31":{"start":{"line":74,"column":12},"end":{"line":74,"column":69}},"32":{"start":{"line":75,"column":36},"end":{"line":77,"column":null}},"33":{"start":{"line":75,"column":12},"end":{"line":77,"column":null}},"34":{"start":{"line":78,"column":6},"end":{"line":81,"column":77}},"35":{"start":{"line":79,"column":8},"end":{"line":81,"column":77}},"36":{"start":{"line":82,"column":6},"end":{"line":83,"column":73}},"37":{"start":{"line":83,"column":8},"end":{"line":83,"column":73}},"38":{"start":{"line":84,"column":12},"end":{"line":84,"column":86}},"39":{"start":{"line":86,"column":20},"end":{"line":86,"column":null}},"40":{"start":{"line":86,"column":12},"end":{"line":86,"column":null}},"41":{"start":{"line":87,"column":6},"end":{"line":87,"column":45}},"42":{"start":{"line":87,"column":17},"end":{"line":87,"column":45}},"43":{"start":{"line":89,"column":6},"end":{"line":89,"column":35}},"44":{"start":{"line":90,"column":6},"end":{"line":90,"column":43}},"45":{"start":{"line":94,"column":8},"end":{"line":107,"column":null}},"46":{"start":{"line":96,"column":25},"end":{"line":96,"column":null}},"47":{"start":{"line":96,"column":12},"end":{"line":96,"column":null}},"48":{"start":{"line":97,"column":6},"end":{"line":99,"column":null}},"49":{"start":{"line":98,"column":8},"end":{"line":98,"column":69}},"50":{"start":{"line":101,"column":6},"end":{"line":101,"column":32}},"51":{"start":{"line":102,"column":6},"end":{"line":102,"column":27}},"52":{"start":{"line":104,"column":6},"end":{"line":104,"column":35}},"53":{"start":{"line":105,"column":6},"end":{"line":105,"column":43}},"54":{"start":{"line":109,"column":8},"end":{"line":127,"column":null}},"55":{"start":{"line":111,"column":12},"end":{"line":111,"column":52}},"56":{"start":{"line":114,"column":25},"end":{"line":114,"column":null}},"57":{"start":{"line":114,"column":12},"end":{"line":114,"column":null}},"58":{"start":{"line":116,"column":6},"end":{"line":116,"column":29}},"59":{"start":{"line":117,"column":6},"end":{"line":117,"column":43}},"60":{"start":{"line":118,"column":6},"end":{"line":118,"column":35}},"61":{"start":{"line":119,"column":6},"end":{"line":119,"column":31}},"62":{"start":{"line":121,"column":21},"end":{"line":121,"column":null}},"63":{"start":{"line":121,"column":10},"end":{"line":121,"column":null}},"64":{"start":{"line":122,"column":6},"end":{"line":122,"column":25}},"65":{"start":{"line":124,"column":6},"end":{"line":124,"column":35}},"66":{"start":{"line":125,"column":6},"end":{"line":125,"column":43}},"67":{"start":{"line":129,"column":8},"end":{"line":137,"column":null}},"68":{"start":{"line":131,"column":27},"end":{"line":131,"column":null}},"69":{"start":{"line":131,"column":12},"end":{"line":131,"column":null}},"70":{"start":{"line":132,"column":6},"end":{"line":132,"column":29}},"71":{"start":{"line":134,"column":6},"end":{"line":134,"column":35}},"72":{"start":{"line":135,"column":6},"end":{"line":135,"column":43}},"73":{"start":{"line":17,"column":13},"end":{"line":138,"column":null}},"74":{"start":{"line":138,"column":0},"end":{"line":138,"column":null}},"75":{"start":{"line":17,"column":13},"end":{"line":17,"column":33}}},"fnMap":{"0":{"name":"(anonymous_16)","decl":{"start":{"line":17,"column":0},"end":{"line":17,"column":13}},"loc":{"start":{"line":17,"column":0},"end":{"line":17,"column":13}}},"1":{"name":"RestaurantController","decl":{"start":{"line":19,"column":2},"end":{"line":19,"column":31}},"loc":{"start":{"line":19,"column":67},"end":{"line":19,"column":71}}},"2":{"name":"(anonymous_18)","decl":{"start":{"line":21,"column":2},"end":{"line":21,"column":8}},"loc":{"start":{"line":21,"column":41},"end":{"line":23,"column":null}}},"3":{"name":"(anonymous_21)","decl":{"start":{"line":25,"column":2},"end":{"line":25,"column":8}},"loc":{"start":{"line":25,"column":45},"end":{"line":48,"column":null}}},"4":{"name":"(anonymous_24)","decl":{"start":{"line":52,"column":2},"end":{"line":52,"column":8}},"loc":{"start":{"line":52,"column":53},"end":{"line":67,"column":null}}},"5":{"name":"(anonymous_27)","decl":{"start":{"line":69,"column":2},"end":{"line":69,"column":8}},"loc":{"start":{"line":69,"column":50},"end":{"line":92,"column":null}}},"6":{"name":"(anonymous_30)","decl":{"start":{"line":94,"column":2},"end":{"line":94,"column":8}},"loc":{"start":{"line":94,"column":52},"end":{"line":107,"column":null}}},"7":{"name":"(anonymous_33)","decl":{"start":{"line":109,"column":2},"end":{"line":109,"column":8}},"loc":{"start":{"line":109,"column":52},"end":{"line":127,"column":null}}},"8":{"name":"(anonymous_36)","decl":{"start":{"line":129,"column":2},"end":{"line":129,"column":8}},"loc":{"start":{"line":129,"column":53},"end":{"line":137,"column":null}}}},"branchMap":{"0":{"loc":{"start":{"line":27,"column":4},"end":{"line":27,"column":73}},"type":"if","locations":[{"start":{"line":27,"column":4},"end":{"line":27,"column":73}}]},"1":{"loc":{"start":{"line":41,"column":6},"end":{"line":41,"column":62}},"type":"if","locations":[{"start":{"line":41,"column":6},"end":{"line":41,"column":62}}]},"2":{"loc":{"start":{"line":78,"column":6},"end":{"line":81,"column":77}},"type":"if","locations":[{"start":{"line":78,"column":6},"end":{"line":81,"column":77}}]},"3":{"loc":{"start":{"line":78,"column":10},"end":{"line":78,"column":37}},"type":"binary-expr","locations":[{"start":{"line":78,"column":10},"end":{"line":78,"column":15}},{"start":{"line":78,"column":19},"end":{"line":78,"column":25}},{"start":{"line":78,"column":29},"end":{"line":78,"column":37}}]},"4":{"loc":{"start":{"line":82,"column":6},"end":{"line":83,"column":73}},"type":"if","locations":[{"start":{"line":82,"column":6},"end":{"line":83,"column":73}}]},"5":{"loc":{"start":{"line":87,"column":6},"end":{"line":87,"column":45}},"type":"if","locations":[{"start":{"line":87,"column":6},"end":{"line":87,"column":45}}]},"6":{"loc":{"start":{"line":97,"column":6},"end":{"line":99,"column":null}},"type":"if","locations":[{"start":{"line":97,"column":6},"end":{"line":99,"column":null}}]}},"s":{"0":2,"1":2,"2":2,"3":2,"4":2,"5":2,"6":1,"7":2,"8":0,"9":0,"10":0,"11":0,"12":0,"13":0,"14":0,"15":0,"16":0,"17":0,"18":0,"19":0,"20":0,"21":2,"22":0,"23":0,"24":0,"25":0,"26":0,"27":0,"28":2,"29":0,"30":0,"31":0,"32":0,"33":0,"34":0,"35":0,"36":0,"37":0,"38":0,"39":0,"40":0,"41":0,"42":0,"43":0,"44":0,"45":2,"46":0,"47":0,"48":0,"49":0,"50":0,"51":0,"52":0,"53":0,"54":2,"55":0,"56":0,"57":0,"58":0,"59":0,"60":0,"61":0,"62":0,"63":0,"64":0,"65":0,"66":0,"67":2,"68":0,"69":0,"70":0,"71":0,"72":0,"73":2,"74":2,"75":2},"f":{"0":2,"1":2,"2":1,"3":0,"4":0,"5":0,"6":0,"7":0,"8":0},"b":{"0":[0],"1":[0],"2":[0],"3":[0,0,0],"4":[0],"5":[0],"6":[0]}}
,"/Users/cristianscript/programming/eatlifyBackend/src/controllers/VentaController.ts": {"path":"/Users/cristianscript/programming/eatlifyBackend/src/controllers/VentaController.ts","statementMap":{"0":{"start":{"line":1,"column":0},"end":{"line":1,"column":37}},"1":{"start":{"line":2,"column":0},"end":{"line":2,"column":43}},"2":{"start":{"line":6,"column":0},"end":{"line":6,"column":13}},"3":{"start":{"line":7,"column":8},"end":{"line":27,"column":null}},"4":{"start":{"line":9,"column":12},"end":{"line":9,"column":35}},"5":{"start":{"line":10,"column":14},"end":{"line":10,"column":41}},"6":{"start":{"line":11,"column":20},"end":{"line":13,"column":null}},"7":{"start":{"line":11,"column":12},"end":{"line":13,"column":null}},"8":{"start":{"line":14,"column":6},"end":{"line":16,"column":null}},"9":{"start":{"line":15,"column":8},"end":{"line":15,"column":74}},"10":{"start":{"line":17,"column":12},"end":{"line":17,"column":65}},"11":{"start":{"line":18,"column":20},"end":{"line":18,"column":null}},"12":{"start":{"line":18,"column":12},"end":{"line":18,"column":null}},"13":{"start":{"line":19,"column":10},"end":{"line":19,"column":15}},"14":{"start":{"line":20,"column":8},"end":{"line":20,"column":38}},"15":{"start":{"line":21,"column":8},"end":{"line":21,"column":43}},"16":{"start":{"line":24,"column":6},"end":{"line":24,"column":35}},"17":{"start":{"line":25,"column":6},"end":{"line":25,"column":43}},"18":{"start":{"line":29,"column":8},"end":{"line":45,"column":null}},"19":{"start":{"line":31,"column":20},"end":{"line":31,"column":null}},"20":{"start":{"line":31,"column":12},"end":{"line":31,"column":null}},"21":{"start":{"line":32,"column":6},"end":{"line":32,"column":37}},"22":{"start":{"line":33,"column":6},"end":{"line":33,"column":30}},"23":{"start":{"line":34,"column":12},"end":{"line":34,"column":31}},"24":{"start":{"line":35,"column":12},"end":{"line":40,"column":24}},"25":{"start":{"line":41,"column":6},"end":{"line":41,"column":33}},"26":{"start":{"line":43,"column":6},"end":{"line":43,"column":25}},"27":{"start":{"line":47,"column":8},"end":{"line":60,"column":null}},"28":{"start":{"line":49,"column":20},"end":{"line":49,"column":null}},"29":{"start":{"line":49,"column":12},"end":{"line":49,"column":null}},"30":{"start":{"line":50,"column":6},"end":{"line":52,"column":null}},"31":{"start":{"line":51,"column":8},"end":{"line":51,"column":64}},"32":{"start":{"line":54,"column":6},"end":{"line":54,"column":27}},"33":{"start":{"line":55,"column":6},"end":{"line":55,"column":22}},"34":{"start":{"line":57,"column":6},"end":{"line":57,"column":35}},"35":{"start":{"line":58,"column":6},"end":{"line":58,"column":43}},"36":{"start":{"line":62,"column":8},"end":{"line":79,"column":null}},"37":{"start":{"line":64,"column":12},"end":{"line":64,"column":48}},"38":{"start":{"line":65,"column":20},"end":{"line":65,"column":null}},"39":{"start":{"line":65,"column":12},"end":{"line":65,"column":null}},"40":{"start":{"line":66,"column":6},"end":{"line":69,"column":74}},"41":{"start":{"line":67,"column":8},"end":{"line":69,"column":74}},"42":{"start":{"line":70,"column":6},"end":{"line":70,"column":28}},"43":{"start":{"line":71,"column":6},"end":{"line":71,"column":36}},"44":{"start":{"line":72,"column":6},"end":{"line":72,"column":34}},"45":{"start":{"line":73,"column":6},"end":{"line":73,"column":25}},"46":{"start":{"line":74,"column":6},"end":{"line":74,"column":22}},"47":{"start":{"line":76,"column":6},"end":{"line":76,"column":35}},"48":{"start":{"line":77,"column":6},"end":{"line":77,"column":43}},"49":{"start":{"line":81,"column":8},"end":{"line":89,"column":null}},"50":{"start":{"line":83,"column":20},"end":{"line":83,"column":null}},"51":{"start":{"line":83,"column":12},"end":{"line":83,"column":null}},"52":{"start":{"line":84,"column":6},"end":{"line":84,"column":22}},"53":{"start":{"line":86,"column":6},"end":{"line":86,"column":35}},"54":{"start":{"line":87,"column":6},"end":{"line":87,"column":43}},"55":{"start":{"line":103,"column":8},"end":{"line":116,"column":null}},"56":{"start":{"line":105,"column":6},"end":{"line":105,"column":26}},"57":{"start":{"line":106,"column":20},"end":{"line":106,"column":null}},"58":{"start":{"line":106,"column":12},"end":{"line":106,"column":null}},"59":{"start":{"line":107,"column":6},"end":{"line":110,"column":71}},"60":{"start":{"line":108,"column":8},"end":{"line":110,"column":71}},"61":{"start":{"line":112,"column":6},"end":{"line":112,"column":35}},"62":{"start":{"line":113,"column":6},"end":{"line":113,"column":25}},"63":{"start":{"line":114,"column":6},"end":{"line":114,"column":51}},"64":{"start":{"line":117,"column":0},"end":{"line":117,"column":null}},"65":{"start":{"line":6,"column":13},"end":{"line":6,"column":28}}},"fnMap":{"0":{"name":"(anonymous_16)","decl":{"start":{"line":6,"column":0},"end":{"line":6,"column":13}},"loc":{"start":{"line":6,"column":0},"end":{"line":117,"column":null}}},"1":{"name":"(anonymous_18)","decl":{"start":{"line":7,"column":2},"end":{"line":7,"column":8}},"loc":{"start":{"line":7,"column":60},"end":{"line":27,"column":null}}},"2":{"name":"(anonymous_21)","decl":{"start":{"line":29,"column":2},"end":{"line":29,"column":8}},"loc":{"start":{"line":29,"column":65},"end":{"line":45,"column":null}}},"3":{"name":"(anonymous_24)","decl":{"start":{"line":47,"column":2},"end":{"line":47,"column":8}},"loc":{"start":{"line":47,"column":49},"end":{"line":60,"column":null}}},"4":{"name":"(anonymous_27)","decl":{"start":{"line":62,"column":2},"end":{"line":62,"column":8}},"loc":{"start":{"line":62,"column":51},"end":{"line":79,"column":null}}},"5":{"name":"(anonymous_30)","decl":{"start":{"line":81,"column":2},"end":{"line":81,"column":8}},"loc":{"start":{"line":81,"column":57},"end":{"line":89,"column":null}}},"6":{"name":"(anonymous_33)","decl":{"start":{"line":103,"column":2},"end":{"line":103,"column":8}},"loc":{"start":{"line":103,"column":70},"end":{"line":116,"column":null}}}},"branchMap":{"0":{"loc":{"start":{"line":14,"column":6},"end":{"line":16,"column":null}},"type":"if","locations":[{"start":{"line":14,"column":6},"end":{"line":16,"column":null}}]},"1":{"loc":{"start":{"line":19,"column":10},"end":{"line":19,"column":15}},"type":"if","locations":[{"start":{"line":19,"column":10},"end":{"line":19,"column":15}}]},"2":{"loc":{"start":{"line":50,"column":6},"end":{"line":52,"column":null}},"type":"if","locations":[{"start":{"line":50,"column":6},"end":{"line":52,"column":null}}]},"3":{"loc":{"start":{"line":66,"column":6},"end":{"line":69,"column":74}},"type":"if","locations":[{"start":{"line":66,"column":6},"end":{"line":69,"column":74}}]},"4":{"loc":{"start":{"line":107,"column":6},"end":{"line":110,"column":71}},"type":"if","locations":[{"start":{"line":107,"column":6},"end":{"line":110,"column":71}}]}},"s":{"0":1,"1":1,"2":1,"3":1,"4":0,"5":0,"6":0,"7":0,"8":0,"9":0,"10":0,"11":0,"12":0,"13":0,"14":0,"15":0,"16":0,"17":0,"18":1,"19":0,"20":0,"21":0,"22":0,"23":0,"24":0,"25":0,"26":0,"27":1,"28":0,"29":0,"30":0,"31":0,"32":0,"33":0,"34":0,"35":0,"36":1,"37":0,"38":0,"39":0,"40":0,"41":0,"42":0,"43":0,"44":0,"45":0,"46":0,"47":0,"48":0,"49":1,"50":0,"51":0,"52":0,"53":0,"54":0,"55":1,"56":0,"57":0,"58":0,"59":0,"60":0,"61":0,"62":0,"63":0,"64":1,"65":1},"f":{"0":2,"1":0,"2":0,"3":0,"4":0,"5":0,"6":0},"b":{"0":[0],"1":[0],"2":[0],"3":[0],"4":[0]}}
,"/Users/cristianscript/programming/eatlifyBackend/src/services/cashierService.ts": {"path":"/Users/cristianscript/programming/eatlifyBackend/src/services/cashierService.ts","statementMap":{"0":{"start":{"line":1,"column":0},"end":{"line":1,"column":33}},"1":{"start":{"line":2,"column":0},"end":{"line":2,"column":49}},"2":{"start":{"line":3,"column":0},"end":{"line":3,"column":35}},"3":{"start":{"line":4,"column":0},"end":{"line":4,"column":36}},"4":{"start":{"line":7,"column":4},"end":{"line":7,"column":24}},"5":{"start":{"line":11,"column":0},"end":{"line":11,"column":13}},"6":{"start":{"line":12,"column":17},"end":{"line":23,"column":null}},"7":{"start":{"line":13,"column":16},"end":{"line":13,"column":42}},"8":{"start":{"line":14,"column":8},"end":{"line":14,"column":85}},"9":{"start":{"line":14,"column":42},"end":{"line":14,"column":85}},"10":{"start":{"line":15,"column":34},"end":{"line":15,"column":null}},"11":{"start":{"line":15,"column":14},"end":{"line":15,"column":null}},"12":{"start":{"line":16,"column":8},"end":{"line":18,"column":null}},"13":{"start":{"line":17,"column":12},"end":{"line":17,"column":60}},"14":{"start":{"line":19,"column":21},"end":{"line":19,"column":null}},"15":{"start":{"line":19,"column":14},"end":{"line":19,"column":null}},"16":{"start":{"line":20,"column":23},"end":{"line":20,"column":null}},"17":{"start":{"line":20,"column":14},"end":{"line":20,"column":null}},"18":{"start":{"line":21,"column":14},"end":{"line":21,"column":118}},"19":{"start":{"line":22,"column":15},"end":{"line":22,"column":36}},"20":{"start":{"line":22,"column":8},"end":{"line":22,"column":36}},"21":{"start":{"line":25,"column":17},"end":{"line":54,"column":null}},"22":{"start":{"line":26,"column":16},"end":{"line":26,"column":60}},"23":{"start":{"line":27,"column":8},"end":{"line":29,"column":null}},"24":{"start":{"line":28,"column":12},"end":{"line":28,"column":55}},"25":{"start":{"line":30,"column":14},"end":{"line":30,"column":80}},"26":{"start":{"line":31,"column":21},"end":{"line":31,"column":null}},"27":{"start":{"line":31,"column":14},"end":{"line":31,"column":null}},"28":{"start":{"line":32,"column":8},"end":{"line":32,"column":16}},"29":{"start":{"line":32,"column":27},"end":{"line":32,"column":61}},"30":{"start":{"line":32,"column":8},"end":{"line":32,"column":61}},"31":{"start":{"line":33,"column":28},"end":{"line":33,"column":null}},"32":{"start":{"line":33,"column":14},"end":{"line":33,"column":null}},"33":{"start":{"line":34,"column":8},"end":{"line":53,"column":null}},"34":{"start":{"line":35,"column":18},"end":{"line":42,"column":14}},"35":{"start":{"line":43,"column":18},"end":{"line":45,"column":14}},"36":{"start":{"line":46,"column":18},"end":{"line":46,"column":46}},"37":{"start":{"line":47,"column":12},"end":{"line":52,"column":15}},"38":{"start":{"line":48,"column":16},"end":{"line":51,"column":19}},"39":{"start":{"line":49,"column":20},"end":{"line":49,"column":41}},"40":{"start":{"line":49,"column":29},"end":{"line":49,"column":41}},"41":{"start":{"line":50,"column":20},"end":{"line":50,"column":35}},"42":{"start":{"line":56,"column":17},"end":{"line":64,"column":null}},"43":{"start":{"line":57,"column":16},"end":{"line":57,"column":60}},"44":{"start":{"line":58,"column":25},"end":{"line":58,"column":null}},"45":{"start":{"line":58,"column":14},"end":{"line":58,"column":null}},"46":{"start":{"line":59,"column":8},"end":{"line":59,"column":61}},"47":{"start":{"line":59,"column":22},"end":{"line":59,"column":61}},"48":{"start":{"line":60,"column":14},"end":{"line":60,"column":79}},"49":{"start":{"line":61,"column":23},"end":{"line":61,"column":null}},"50":{"start":{"line":61,"column":14},"end":{"line":61,"column":null}},"51":{"start":{"line":62,"column":8},"end":{"line":62,"column":15}},"52":{"start":{"line":62,"column":26},"end":{"line":62,"column":62}},"53":{"start":{"line":62,"column":8},"end":{"line":62,"column":62}},"54":{"start":{"line":63,"column":15},"end":{"line":63,"column":35}},"55":{"start":{"line":63,"column":8},"end":{"line":63,"column":35}},"56":{"start":{"line":66,"column":17},"end":{"line":93,"column":null}},"57":{"start":{"line":67,"column":16},"end":{"line":67,"column":36}},"58":{"start":{"line":68,"column":23},"end":{"line":68,"column":null}},"59":{"start":{"line":68,"column":14},"end":{"line":68,"column":null}},"60":{"start":{"line":70,"column":8},"end":{"line":70,"column":84}},"61":{"start":{"line":70,"column":21},"end":{"line":70,"column":84}},"62":{"start":{"line":71,"column":22},"end":{"line":71,"column":null}},"63":{"start":{"line":71,"column":14},"end":{"line":71,"column":null}},"64":{"start":{"line":72,"column":8},"end":{"line":92,"column":null}},"65":{"start":{"line":73,"column":18},"end":{"line":78,"column":null}},"66":{"start":{"line":79,"column":18},"end":{"line":79,"column":37}},"67":{"start":{"line":80,"column":18},"end":{"line":82,"column":14}},"68":{"start":{"line":83,"column":18},"end":{"line":83,"column":46}},"69":{"start":{"line":84,"column":12},"end":{"line":89,"column":15}},"70":{"start":{"line":85,"column":16},"end":{"line":88,"column":19}},"71":{"start":{"line":86,"column":20},"end":{"line":86,"column":41}},"72":{"start":{"line":86,"column":29},"end":{"line":86,"column":41}},"73":{"start":{"line":87,"column":20},"end":{"line":87,"column":60}},"74":{"start":{"line":91,"column":12},"end":{"line":91,"column":48}},"75":{"start":{"line":95,"column":17},"end":{"line":106,"column":null}},"76":{"start":{"line":96,"column":16},"end":{"line":96,"column":60}},"77":{"start":{"line":97,"column":23},"end":{"line":97,"column":null}},"78":{"start":{"line":97,"column":14},"end":{"line":97,"column":null}},"79":{"start":{"line":98,"column":8},"end":{"line":98,"column":64}},"80":{"start":{"line":98,"column":21},"end":{"line":98,"column":64}},"81":{"start":{"line":99,"column":8},"end":{"line":99,"column":27}},"82":{"start":{"line":100,"column":8},"end":{"line":100,"column":29}},"83":{"start":{"line":101,"column":8},"end":{"line":101,"column":29}},"84":{"start":{"line":102,"column":8},"end":{"line":102,"column":37}},"85":{"start":{"line":103,"column":23},"end":{"line":103,"column":null}},"86":{"start":{"line":103,"column":14},"end":{"line":103,"column":null}},"87":{"start":{"line":104,"column":8},"end":{"line":104,"column":15}},"88":{"start":{"line":104,"column":26},"end":{"line":104,"column":62}},"89":{"start":{"line":104,"column":8},"end":{"line":104,"column":62}},"90":{"start":{"line":105,"column":15},"end":{"line":105,"column":35}},"91":{"start":{"line":105,"column":8},"end":{"line":105,"column":35}},"92":{"start":{"line":108,"column":17},"end":{"line":110,"column":null}},"93":{"start":{"line":109,"column":15},"end":{"line":109,"column":74}},"94":{"start":{"line":109,"column":8},"end":{"line":109,"column":74}},"95":{"start":{"line":112,"column":17},"end":{"line":115,"column":null}},"96":{"start":{"line":113,"column":22},"end":{"line":113,"column":null}},"97":{"start":{"line":113,"column":14},"end":{"line":113,"column":null}},"98":{"start":{"line":114,"column":8},"end":{"line":114,"column":23}},"99":{"start":{"line":117,"column":17},"end":{"line":124,"column":null}},"100":{"start":{"line":118,"column":24},"end":{"line":118,"column":null}},"101":{"start":{"line":118,"column":14},"end":{"line":118,"column":null}},"102":{"start":{"line":119,"column":8},"end":{"line":121,"column":null}},"103":{"start":{"line":120,"column":12},"end":{"line":120,"column":49}},"104":{"start":{"line":122,"column":8},"end":{"line":122,"column":31}},"105":{"start":{"line":123,"column":8},"end":{"line":123,"column":23}},"106":{"start":{"line":11,"column":13},"end":{"line":125,"column":null}},"107":{"start":{"line":125,"column":0},"end":{"line":125,"column":null}},"108":{"start":{"line":11,"column":13},"end":{"line":11,"column":27}}},"fnMap":{"0":{"name":"minutesToSeconds","decl":{"start":{"line":6,"column":9},"end":{"line":6,"column":25}},"loc":{"start":{"line":6,"column":41},"end":{"line":8,"column":1}}},"1":{"name":"(anonymous_22)","decl":{"start":{"line":11,"column":0},"end":{"line":11,"column":13}},"loc":{"start":{"line":11,"column":0},"end":{"line":11,"column":13}}},"2":{"name":"(anonymous_24)","decl":{"start":{"line":12,"column":4},"end":{"line":12,"column":17}},"loc":{"start":{"line":12,"column":53},"end":{"line":23,"column":null}}},"3":{"name":"(anonymous_27)","decl":{"start":{"line":25,"column":4},"end":{"line":25,"column":17}},"loc":{"start":{"line":25,"column":50},"end":{"line":54,"column":null}}},"4":{"name":"(anonymous_30)","decl":{"start":{"line":47,"column":31},"end":{"line":47,"column":32}},"loc":{"start":{"line":47,"column":47},"end":{"line":52,"column":13}}},"5":{"name":"(anonymous_31)","decl":{"start":{"line":48,"column":54},"end":{"line":48,"column":55}},"loc":{"start":{"line":48,"column":65},"end":{"line":51,"column":17}}},"6":{"name":"(anonymous_32)","decl":{"start":{"line":56,"column":4},"end":{"line":56,"column":17}},"loc":{"start":{"line":56,"column":45},"end":{"line":64,"column":null}}},"7":{"name":"(anonymous_35)","decl":{"start":{"line":66,"column":4},"end":{"line":66,"column":17}},"loc":{"start":{"line":66,"column":47},"end":{"line":93,"column":null}}},"8":{"name":"(anonymous_38)","decl":{"start":{"line":84,"column":31},"end":{"line":84,"column":32}},"loc":{"start":{"line":84,"column":47},"end":{"line":89,"column":13}}},"9":{"name":"(anonymous_39)","decl":{"start":{"line":85,"column":54},"end":{"line":85,"column":55}},"loc":{"start":{"line":85,"column":65},"end":{"line":88,"column":17}}},"10":{"name":"(anonymous_40)","decl":{"start":{"line":95,"column":4},"end":{"line":95,"column":17}},"loc":{"start":{"line":95,"column":60},"end":{"line":106,"column":null}}},"11":{"name":"(anonymous_43)","decl":{"start":{"line":108,"column":4},"end":{"line":108,"column":17}},"loc":{"start":{"line":108,"column":4},"end":{"line":110,"column":null}}},"12":{"name":"(anonymous_46)","decl":{"start":{"line":112,"column":4},"end":{"line":112,"column":17}},"loc":{"start":{"line":112,"column":43},"end":{"line":115,"column":null}}},"13":{"name":"(anonymous_49)","decl":{"start":{"line":117,"column":4},"end":{"line":117,"column":17}},"loc":{"start":{"line":117,"column":41},"end":{"line":124,"column":null}}}},"bran
[...]
d":{"line":8,"column":62}}},"2":{"name":"(anonymous_24)","decl":{"start":{"line":10,"column":4},"end":{"line":10,"column":10}},"loc":{"start":{"line":10,"column":44},"end":{"line":20,"column":null}}},"3":{"name":"(anonymous_27)","decl":{"start":{"line":22,"column":4},"end":{"line":22,"column":10}},"loc":{"start":{"line":22,"column":46},"end":{"line":33,"column":null}}},"4":{"name":"(anonymous_30)","decl":{"start":{"line":35,"column":4},"end":{"line":35,"column":10}},"loc":{"start":{"line":35,"column":4},"end":{"line":37,"column":null}}},"5":{"name":"(anonymous_33)","decl":{"start":{"line":39,"column":4},"end":{"line":39,"column":10}},"loc":{"start":{"line":39,"column":38},"end":{"line":41,"column":null}}},"6":{"name":"(anonymous_36)","decl":{"start":{"line":43,"column":4},"end":{"line":43,"column":10}},"loc":{"start":{"line":43,"column":59},"end":{"line":50,"column":null}}},"7":{"name":"(anonymous_39)","decl":{"start":{"line":52,"column":4},"end":{"line":52,"column":10}},"loc":{"start":{"line":52,"column":36},"end":{"line":59,"column":null}}}},"branchMap":{"0":{"loc":{"start":{"line":12,"column":8},"end":{"line":12,"column":85}},"type":"if","locations":[{"start":{"line":12,"column":8},"end":{"line":12,"column":85}}]},"1":{"loc":{"start":{"line":12,"column":12},"end":{"line":12,"column":31}},"type":"binary-expr","locations":[{"start":{"line":12,"column":12},"end":{"line":12,"column":18}},{"start":{"line":12,"column":22},"end":{"line":12,"column":31}}]},"2":{"loc":{"start":{"line":14,"column":8},"end":{"line":14,"column":61}},"type":"if","locations":[{"start":{"line":14,"column":8},"end":{"line":14,"column":61}}]},"3":{"loc":{"start":{"line":25,"column":8},"end":{"line":25,"column":59}},"type":"if","locations":[{"start":{"line":25,"column":8},"end":{"line":25,"column":59}}]},"4":{"loc":{"start":{"line":28,"column":8},"end":{"line":32,"column":null}},"type":"if","locations":[{"start":{"line":28,"column":8},"end":{"line":32,"column":null}},{"start":{"line":30,"column":15},"end":{"line":32,"column":null}}]},"5":{"loc":{"start":{"line":36,"column":15},"end":{"line":36,"column":40}},"type":"switch","locations":[{"start":{"line":36,"column":15},"end":{"line":36,"column":40}},{"start":{"line":36,"column":8},"end":{"line":36,"column":40}}]},"6":{"loc":{"start":{"line":40,"column":15},"end":{"line":40,"column":44}},"type":"switch","locations":[{"start":{"line":40,"column":15},"end":{"line":40,"column":44}},{"start":{"line":40,"column":8},"end":{"line":40,"column":44}}]},"7":{"loc":{"start":{"line":49,"column":8},"end":{"line":49,"column":33}},"type":"switch","locations":[{"start":{"line":49,"column":8},"end":{"line":49,"column":33}}]},"8":{"loc":{"start":{"line":46,"column":8},"end":{"line":46,"column":53}},"type":"if","locations":[{"start":{"line":46,"column":8},"end":{"line":46,"column":53}}]},"9":{"loc":{"start":{"line":53,"column":21},"end":{"line":53,"column":null}},"type":"switch","locations":[{"start":{"line":53,"column":21},"end":{"line":53,"column":null}}]},"10":{"loc":{"start":{"line":54,"column":8},"end":{"line":56,"column":null}},"type":"if","locations":[{"start":{"line":54,"column":8},"end":{"line":56,"column":null}}]}},"s":{"0":1,"1":1,"2":1,"3":1,"4":1,"5":1,"6":1,"7":0,"8":0,"9":0,"10":0,"11":0,"12":0,"13":0,"14":0,"15":0,"16":0,"17":0,"18":0,"19":0,"20":0,"21":1,"22":0,"23":0,"24":0,"25":0,"26":0,"27":0,"28":0,"29":0,"30":0,"31":0,"32":1,"33":0,"34":0,"35":1,"36":0,"37":0,"38":1,"39":0,"40":0,"41":0,"42":0,"43":0,"44":0,"45":0,"46":0,"47":0,"48":0,"49":0,"50":1,"51":0,"52":0,"53":0,"54":0,"55":0,"56":0,"57":1,"58":1,"59":1},"f":{"0":1,"1":1,"2":0,"3":0,"4":0,"5":0,"6":0,"7":0},"b":{"0":[0],"1":[0,0],"2":[0],"3":[0],"4":[0,0],"5":[0,0],"6":[0,0],"7":[0],"8":[0],"9":[0],"10":[0]}}
,"/Users/cristianscript/programming/eatlifyBackend/src/services/modifierGroupService.ts": {"path":"/Users/cristianscript/programming/eatlifyBackend/src/services/modifierGroupService.ts","statementMap":{"0":{"start":{"line":1,"column":0},"end":{"line":1,"column":33}},"1":{"start":{"line":2,"column":0},"end":{"line":2,"column":76}},"2":{"start":{"line":5,"column":0},"end":{"line":5,"column":13}},"3":{"start":{"line":7,"column":12},"end":{"line":13,"column":null}},"4":{"start":{"line":8,"column":53},"end":{"line":8,"column":62}},"5":{"start":{"line":9,"column":8},"end":{"line":11,"column":null}},"6":{"start":{"line":10,"column":12},"end":{"line":10,"column":25}},"7":{"start":{"line":12,"column":8},"end":{"line":12,"column":20}},"8":{"start":{"line":15,"column":10},"end":{"line":26,"column":null}},"9":{"start":{"line":16,"column":16},"end":{"line":16,"column":60}},"10":{"start":{"line":17,"column":25},"end":{"line":17,"column":null}},"11":{"start":{"line":17,"column":14},"end":{"line":17,"column":null}},"12":{"start":{"line":18,"column":8},"end":{"line":20,"column":null}},"13":{"start":{"line":19,"column":12},"end":{"line":19,"column":77}},"14":{"start":{"line":21,"column":8},"end":{"line":23,"column":null}},"15":{"start":{"line":22,"column":12},"end":{"line":22,"column":55}},"16":{"start":{"line":24,"column":14},"end":{"line":24,"column":93}},"17":{"start":{"line":25,"column":15},"end":{"line":25,"column":39}},"18":{"start":{"line":25,"column":8},"end":{"line":25,"column":39}},"19":{"start":{"line":28,"column":10},"end":{"line":30,"column":null}},"20":{"start":{"line":29,"column":15},"end":{"line":29,"column":47}},"21":{"start":{"line":29,"column":8},"end":{"line":29,"column":47}},"22":{"start":{"line":32,"column":10},"end":{"line":38,"column":null}},"23":{"start":{"line":33,"column":25},"end":{"line":33,"column":null}},"24":{"start":{"line":33,"column":14},"end":{"line":33,"column":null}},"25":{"start":{"line":34,"column":8},"end":{"line":36,"column":null}},"26":{"start":{"line":35,"column":12},"end":{"line":35,"column":50}},"27":{"start":{"line":37,"column":8},"end":{"line":37,"column":24}},"28":{"start":{"line":40,"column":10},"end":{"line":57,"column":null}},"29":{"start":{"line":41,"column":25},"end":{"line":41,"column":null}},"30":{"start":{"line":41,"column":14},"end":{"line":41,"column":null}},"31":{"start":{"line":42,"column":8},"end":{"line":44,"column":null}},"32":{"start":{"line":43,"column":12},"end":{"line":43,"column":50}},"33":{"start":{"line":45,"column":16},"end":{"line":45,"column":60}},"34":{"start":{"line":46,"column":8},"end":{"line":48,"column":null}},"35":{"start":{"line":47,"column":12},"end":{"line":47,"column":55}},"36":{"start":{"line":49,"column":8},"end":{"line":49,"column":29}},"37":{"start":{"line":50,"column":8},"end":{"line":52,"column":null}},"38":{"start":{"line":51,"column":12},"end":{"line":51,"column":35}},"39":{"start":{"line":53,"column":8},"end":{"line":53,"column":35}},"40":{"start":{"line":54,"column":8},"end":{"line":54,"column":41}},"41":{"start":{"line":55,"column":8},"end":{"line":55,"column":31}},"42":{"start":{"line":56,"column":15},"end":{"line":56,"column":37}},"43":{"start":{"line":56,"column":8},"end":{"line":56,"column":37}},"44":{"start":{"line":59,"column":10},"end":{"line":66,"column":null}},"45":{"start":{"line":60,"column":25},"end":{"line":60,"column":null}},"46":{"start":{"line":60,"column":14},"end":{"line":60,"column":null}},"47":{"start":{"line":61,"column":8},"end":{"line":63,"column":null}},"48":{"start":{"line":62,"column":12},"end":{"line":62,"column":50}},"49":{"start":{"line":64,"column":8},"end":{"line":64,"column":32}},"50":{"start":{"line":65,"column":8},"end":{"line":65,"column":46}},"51":{"start":{"line":5,"column":13},"end":{"line":67,"column":null}},"52":{"start":{"line":67,"column":0},"end":{"line":67,"column":null}},"53":{"start":{"line":5,"column":13},"end":{"line":5,"column":33}}},"fnMap":{"0":{"name":"(anonymous_15)","decl":{"start":{"line":5,"column":0},"end":{"line":5,"column":13}},"loc":{"start":{"line":5,"column":0},"end":{"line":5,"column":13}}},"1":{"name":"(anonymous_17)","decl":{"start":{"line":7,"column":4},"end":{"line":7,"column":12}},"loc":{"start":{"line":7,"column":53},"end":{"line":13,"column":5}}},"2":{"name":"(anonymous_18)","decl":{"start":{"line":15,"column":4},"end":{"line":15,"column":10}},"loc":{"start":{"line":15,"column":55},"end":{"line":26,"column":null}}},"3":{"name":"(anonymous_21)","decl":{"start":{"line":28,"column":4},"end":{"line":28,"column":10}},"loc":{"start":{"line":28,"column":4},"end":{"line":30,"column":null}}},"4":{"name":"(anonymous_24)","decl":{"start":{"line":32,"column":4},"end":{"line":32,"column":10}},"loc":{"start":{"line":32,"column":36},"end":{"line":38,"column":null}}},"5":{"name":"(anonymous_27)","decl":{"start":{"line":40,"column":4},"end":{"line":40,"column":10}},"loc":{"start":{"line":40,"column":70},"end":{"line":57,"column":null}}},"6":{"name":"(anonymous_30)","decl":{"start":{"line":59,"column":4},"end":{"line":59,"column":10}},"loc":{"start":{"line":59,"column":40},"end":{"line":66,"column":null}}}},"branchMap":{"0":{"loc":{"start":{"line":9,"column":8},"end":{"line":11,"column":null}},"type":"if","locations":[{"start":{"line":9,"column":8},"end":{"line":11,"column":null}}]},"1":{"loc":{"start":{"line":9,"column":12},"end":{"line":9,"column":54}},"type":"binary-expr","locations":[{"start":{"line":9,"column":12},"end":{"line":9,"column":20}},{"start":{"line":9,"column":24},"end":{"line":9,"column":29}},{"start":{"line":9,"column":33},"end":{"line":9,"column":44}},{"start":{"line":9,"column":48},"end":{"line":9,"column":54}}]},"2":{"loc":{"start":{"line":25,"column":8},"end":{"line":25,"column":39}},"type":"switch","locations":[{"start":{"line":25,"column":8},"end":{"line":25,"column":39}}]},"3":{"loc":{"start":{"line":18,"column":8},"end":{"line":20,"column":null}},"type":"if","locations":[{"start":{"line":18,"column":8},"end":{"line":20,"column":null}}]},"4":{"loc":{"start":{"line":21,"column":8},"end":{"line":23,"column":null}},"type":"if","locations":[{"start":{"line":21,"column":8},"end":{"line":23,"column":null}}]},"5":{"loc":{"start":{"line":29,"column":15},"end":{"line":29,"column":47}},"type":"switch","locations":[{"start":{"line":29,"column":15},"end":{"line":29,"column":47}},{"start":{"line":29,"column":8},"end":{"line":29,"column":47}}]},"6":{"loc":{"start":{"line":33,"column":25},"end":{"line":33,"column":null}},"type":"switch","locations":[{"start":{"line":33,"column":25},"end":{"line":33,"column":null}}]},"7":{"loc":{"start":{"line":34,"column":8},"end":{"line":36,"column":null}},"type":"if","locations":[{"start":{"line":34,"column":8},"end":{"line":36,"column":null}}]},"8":{"loc":{"start":{"line":41,"column":25},"end":{"line":41,"column":null}},"type":"switch","locations":[{"start":{"line":41,"column":25},"end":{"line":41,"column":null}},{"start":{"line":56,"column":8},"end":{"line":56,"column":37}}]},"9":{"loc":{"start":{"line":42,"column":8},"end":{"line":44,"column":null}},"type":"if","locations":[{"start":{"line":42,"column":8},"end":{"line":44,"column":null}}]},"10":{"loc":{"start":{"line":46,"column":8},"end":{"line":48,"column":null}},"type":"if","locations":[{"start":{"line":46,"column":8},"end":{"line":48,"column":null}}]},"11":{"loc":{"start":{"line":50,"column":8},"end":{"line":52,"column":null}},"type":"if","locations":[{"start":{"line":50,"column":8},"end":{"line":52,"column":null}}]},"12":{"loc":{"start":{"line":60,"column":25},"end":{"line":60,"column":null}},"type":"switch","locations":[{"start":{"line":60,"column":25},"end":{"line":60,"column":null}}]},"13":{"loc":{"start":{"line":61,"column":8},"end":{"line":63,"column":null}},"type":"if","locations":[{"start":{"line":61,"column":8},"end":{"line":63,"column":null}}]}},"s":{"0":1,"1":1,"2":1,"3":1,"4":0,"5":0,"6":0,"7":0,"8":1,"9":0,"10":0,"11":0,"12":0,"13":0,"14":0,"15":0,"16":0,"17":0,"18":0,"19":1,"20":0,"21":0,"22":1,"23":0,"24":0,"25":0,"26":0,"27":0,"28":1,"29":0,"30":0,"31":0,"32":0,"33":0,"34":0,"35":0,"36":0,"37":0,"38":0,"39":0,"40":0,"41":0,"42":0,"43":0,"44":1,"45":0,"46":0,"47":0,"48":0,"49":0,"50":0,"51":1,"52":1,"53":1},"f":{"0":2,"1":0,"2":0,"3":0,"4":0,"5":0,"6":0},"b":{"0":[0],"1":[0,0,0,0],"2":[0],"3":[0],"4":[0],"5":[0,0],"6":[0],"7":[0],"8":[0,0],"9":[0],"10":[0],"11":[0],"12":[0],"13":[0]}}
,"/Users/cristianscript/programming/eatlifyBackend/src/services/orderService.ts": {"path":"/Users/cristianscript/programming/eatlifyBackend/src/services/orderService.ts","statementMap":{"0":{"start":{"line":1,"column":0},"end":{"line":1,"column":33}},"1":{"start":{"line":2,"column":0},"end":{"line":2,"column":51}},"2":{"start":{"line":5,"column":0},"end":{"line":5,"column":13}},"3":{"start":{"line":7,"column":10},"end":{"line":11,"column":null}},"4":{"start":{"line":8,"column":16},"end":{"line":8,"column":47}},"5":{"start":{"line":9,"column":14},"end":{"line":9,"column":68}},"6":{"start":{"line":10,"column":15},"end":{"line":10,"column":37}},"7":{"start":{"line":10,"column":8},"end":{"line":10,"column":37}},"8":{"start":{"line":13,"column":10},"end":{"line":15,"column":null}},"9":{"start":{"line":14,"column":15},"end":{"line":14,"column":37}},"10":{"start":{"line":14,"column":8},"end":{"line":14,"column":37}},"11":{"start":{"line":17,"column":10},"end":{"line":23,"column":null}},"12":{"start":{"line":18,"column":22},"end":{"line":18,"column":null}},"13":{"start":{"line":18,"column":14},"end":{"line":18,"column":null}},"14":{"start":{"line":19,"column":8},"end":{"line":21,"column":null}},"15":{"start":{"line":20,"column":12},"end":{"line":20,"column":53}},"16":{"start":{"line":22,"column":8},"end":{"line":22,"column":21}},"17":{"start":{"line":25,"column":10},"end":{"line":29,"column":null}},"18":{"start":{"line":28,"column":8},"end":{"line":28,"column":54}},"19":{"start":{"line":31,"column":10},"end":{"line":37,"column":null}},"20":{"start":{"line":32,"column":22},"end":{"line":32,"column":null}},"21":{"start":{"line":32,"column":14},"end":{"line":32,"column":null}},"22":{"start":{"line":33,"column":8},"end":{"line":35,"column":null}},"23":{"start":{"line":34,"column":12},"end":{"line":34,"column":53}},"24":{"start":{"line":36,"column":8},"end":{"line":36,"column":21}},"25":{"start":{"line":5,"column":13},"end":{"line":38,"column":null}},"26":{"start":{"line":38,"column":0},"end":{"line":38,"column":null}},"27":{"start":{"line":5,"column":13},"end":{"line":5,"column":25}}},"fnMap":{"0":{"name":"(anonymous_15)","decl":{"start":{"line":5,"column":0},"end":{"line":5,"column":13}},"loc":{"start":{"line":5,"column":0},"end":{"line":5,"column":13}}},"1":{"name":"(anonymous_17)","decl":{"start":{"line":7,"column":4},"end":{"line":7,"column":10}},"loc":{"start":{"line":7,"column":37},"end":{"line":11,"column":null}}},"2":{"name":"(anonymous_20)","decl":{"start":{"line":13,"column":4},"end":{"line":13,"column":10}},"loc":{"start":{"line":13,"column":4},"end":{"line":15,"column":null}}},"3":{"name":"(anonymous_23)","decl":{"start":{"line":17,"column":4},"end":{"line":17,"column":10}},"loc":{"start":{"line":17,"column":34},"end":{"line":23,"column":null}}},"4":{"name":"(anonymous_26)","decl":{"start":{"line":25,"column":4},"end":{"line":25,"column":10}},"loc":{"start":{"line":25,"column":52},"end":{"line":29,"column":null}}},"5":{"name":"(anonymous_29)","decl":{"start":{"line":31,"column":4},"end":{"line":31,"column":10}},"loc":{"start":{"line":31,"column":32},"end":{"line":37,"column":null}}}},"branchMap":{"0":{"loc":{"start":{"line":10,"column":8},"end":{"line":10,"column":37}},"type":"switch","locations":[{"start":{"line":10,"column":8},"end":{"line":10,"column":37}}]},"1":{"loc":{"start":{"line":14,"column":15},"end":{"line":14,"column":37}},"type":"switch","locations":[{"start":{"line":14,"column":15},"end":{"line":14,"column":37}},{"start":{"line":14,"column":8},"end":{"line":14,"column":37}}]},"2":{"loc":{"start":{"line":18,"column":22},"end":{"line":18,"column":null}},"type":"switch","locations":[{"start":{"line":18,"column":22},"end":{"line":18,"column":null}}]},"3":{"loc":{"start":{"line":19,"column":8},"end":{"line":21,"column":null}},"type":"if","locations":[{"start":{"line":19,"column":8},"end":{"line":21,"column":null}}]},"4":{"loc":{"start":{"line":32,"column":22},"end":{"line":32,"column":null}},"type":"switch","locations":[{"start":{"line":32,"column":22},"end":{"line":32,"column":null}}]},"5":{"loc":{"start":{"line":33,"column":8},"end":{"line":35,"column":null}},"type":"if","locations":[{"start":{"line":33,"column":8},"end":{"line":35,"column":null}}]}},"s":{"0":1,"1":1,"2":1,"3":1,"4":0,"5":0,"6":0,"7":0,"8":1,"9":0,"10":0,"11":1,"12":0,"13":0,"14":0,"15":0,"16":0,"17":1,"18":0,"19":1,"20":0,"21":0,"22":0,"23":0,"24":0,"25":1,"26":1,"27":1},"f":{"0":2,"1":0,"2":0,"3":0,"4":0,"5":0},"b":{"0":[0],"1":[0,0],"2":[0],"3":[0],"4":[0],"5":[0]}}
,"/Users/cristianscript/programming/eatlifyBackend/src/services/restaurantService.ts": {"path":"/Users/cristianscript/programming/eatlifyBackend/src/services/restaurantService.ts","statementMap":{"0":{"start":{"line":2,"column":0},"end":{"line":2,"column":67}},"1":{"start":{"line":4,"column":0},"end":{"line":4,"column":35}},"2":{"start":{"line":6,"column":0},"end":{"line":6,"column":49}},"3":{"start":{"line":7,"column":0},"end":{"line":7,"column":33}},"4":{"start":{"line":8,"column":11},"end":{"line":8,"column":40}},"5":{"start":{"line":11,"column":0},"end":{"line":11,"column":13}},"6":{"start":{"line":12,"column":31},"end":{"line":12,"column":47}},"7":{"start":{"line":13,"column":8},"end":{"line":27,"column":null}},"8":{"start":{"line":15,"column":14},"end":{"line":15,"column":34}},"9":{"start":{"line":16,"column":25},"end":{"line":16,"column":null}},"10":{"start":{"line":16,"column":12},"end":{"line":16,"column":null}},"11":{"start":{"line":17,"column":6},"end":{"line":17,"column":90}},"12":{"start":{"line":17,"column":23},"end":{"line":17,"column":90}},"13":{"start":{"line":18,"column":20},"end":{"line":18,"column":null}},"14":{"start":{"line":18,"column":12},"end":{"line":18,"column":null}},"15":{"start":{"line":19,"column":6},"end":{"line":19,"column":null}},"16":{"start":{"line":19,"column":18},"end":{"line":19,"column":null}},"17":{"start":{"line":20,"column":20},"end":{"line":20,"column":null}},"18":{"start":{"line":20,"column":12},"end":{"line":20,"column":null}},"19":{"start":{"line":21,"column":6},"end":{"line":21,"column":30}},"20":{"start":{"line":21,"column":17},"end":{"line":21,"column":30}},"21":{"start":{"line":22,"column":6},"end":{"line":22,"column":null}},"22":{"start":{"line":24,"column":6},"end":{"line":24,"column":35}},"23":{"start":{"line":25,"column":6},"end":{"line":25,"column":43}},"24":{"start":{"line":11,"column":13},"end":{"line":28,"column":null}},"25":{"start":{"line":28,"column":0},"end":{"line":28,"column":null}},"26":{"start":{"line":11,"column":13},"end":{"line":11,"column":30}}},"fnMap":{"0":{"name":"(anonymous_22)","decl":{"start":{"line":11,"column":0},"end":{"line":11,"column":13}},"loc":{"start":{"line":11,"column":0},"end":{"line":11,"column":13}}},"1":{"name":"RestaurantService","decl":{"start":{"line":12,"column":2},"end":{"line":12,"column":31}},"loc":{"start":{"line":12,"column":61},"end":{"line":12,"column":65}}},"2":{"name":"(anonymous_24)","decl":{"start":{"line":13,"column":2},"end":{"line":13,"column":8}},"loc":{"start":{"line":13,"column":56},"end":{"line":27,"column":null}}}},"branchMap":{"0":{"loc":{"start":{"line":17,"column":6},"end":{"line":17,"column":90}},"type":"if","locations":[{"start":{"line":17,"column":6},"end":{"line":17,"column":90}}]},"1":{"loc":{"start":{"line":19,"column":6},"end":{"line":19,"column":null}},"type":"if","locations":[{"start":{"line":19,"column":6},"end":{"line":19,"column":null}}]},"2":{"loc":{"start":{"line":21,"column":6},"end":{"line":21,"column":30}},"type":"if","locations":[{"start":{"line":21,"column":6},"end":{"line":21,"column":30}}]}},"s":{"0":3,"1":3,"2":3,"3":3,"4":3,"5":3,"6":4,"7":3,"8":3,"9":3,"10":3,"11":3,"12":1,"13":2,"14":2,"15":2,"16":1,"17":1,"18":1,"19":1,"20":1,"21":0,"22":0,"23":0,"24":3,"25":3,"26":3},"f":{"0":3,"1":4,"2":3},"b":{"0":[1],"1":[1],"2":[1]}}
}
