TN:
SF:src/controllers/CashiersController.ts
FN:7,(anonymous_15)
FN:9,CashiersController
FN:11,(anonymous_17)
FN:15,(anonymous_20)
FN:28,(anonymous_23)
FN:32,(anonymous_26)
FN:42,(anonymous_29)
FN:51,(anonymous_32)
FN:61,(anonymous_35)
FN:72,(anonymous_38)
FN:82,(anonymous_41)
FN:93,(anonymous_44)
FNF:12
FNH:4
FNDA:2,(anonymous_15)
FNDA:3,CashiersController
FNDA:0,(anonymous_17)
FNDA:0,(anonymous_20)
FNDA:0,(anonymous_23)
FNDA:0,(anonymous_26)
FNDA:0,(anonymous_29)
FNDA:2,(anonymous_32)
FNDA:0,(anonymous_35)
FNDA:1,(anonymous_38)
FNDA:0,(anonymous_41)
FNDA:0,(anonymous_44)
DA:1,2
DA:3,2
DA:7,2
DA:9,3
DA:11,2
DA:12,0
DA:15,2
DA:17,0
DA:18,0
DA:19,0
DA:24,0
DA:28,2
DA:32,2
DA:34,0
DA:35,0
DA:37,0
DA:38,0
DA:42,2
DA:44,0
DA:45,0
DA:47,0
DA:48,0
DA:51,2
DA:53,2
DA:54,1
DA:56,1
DA:57,1
DA:61,2
DA:63,0
DA:64,0
DA:66,0
DA:67,0
DA:72,2
DA:74,1
DA:75,1
DA:77,0
DA:78,0
DA:82,2
DA:84,0
DA:85,0
DA:86,0
DA:88,0
DA:89,0
DA:93,2
DA:95,0
DA:96,0
DA:98,0
DA:99,0
DA:102,2
LF:49
LH:21
BRDA:18,0,0,0
BRDA:45,1,0,0
BRF:2
BRH:0
end_of_record
TN:
SF:src/controllers/CategoriasController.ts
FN:6,(anonymous_15)
FN:8,CategoriasController
FN:10,(anonymous_17)
FN:21,(anonymous_20)
FN:31,(anonymous_23)
FN:40,(anonymous_26)
FNF:6
FNH:2
FNDA:1,(anonymous_15)
FNDA:1,CategoriasController
FNDA:0,(anonymous_17)
FNDA:0,(anonymous_20)
FNDA:0,(anonymous_23)
FNDA:0,(anonymous_26)
DA:1,1
DA:3,1
DA:6,1
DA:8,1
DA:10,1
DA:12,0
DA:13,0
DA:14,0
DA:17,0
DA:21,1
DA:22,0
DA:24,0
DA:25,0
DA:27,0
DA:31,1
DA:33,0
DA:34,0
DA:36,0
DA:40,1
DA:42,0
DA:43,0
DA:44,0
DA:46,0
DA:49,1
LF:24
LH:9
BRDA:13,0,0,0
BRF:1
BRH:0
end_of_record
TN:
SF:src/controllers/DeliveryController.ts
FN:15,(anonymous_15)
FN:17,DeliveryController
FN:19,(anonymous_17)
FN:33,(anonymous_20)
FN:43,(anonymous_23)
FN:52,(anonymous_26)
FN:61,(anonymous_29)
FN:71,(anonymous_32)
FNF:8
FNH:2
FNDA:1,(anonymous_15)
FNDA:1,DeliveryController
FNDA:0,(anonymous_17)
FNDA:0,(anonymous_20)
FNDA:0,(anonymous_23)
FNDA:0,(anonymous_26)
FNDA:0,(anonymous_29)
FNDA:0,(anonymous_32)
DA:1,1
DA:3,1
DA:15,1
DA:17,1
DA:19,1
DA:21,0
DA:25,0
DA:26,0
DA:28,0
DA:29,0
DA:33,1
DA:35,0
DA:36,0
DA:38,0
DA:39,0
DA:43,1
DA:45,0
DA:46,0
DA:48,0
DA:52,1
DA:54,0
DA:55,0
DA:57,0
DA:61,1
DA:63,0
DA:64,0
DA:66,0
DA:67,0
DA:71,1
DA:73,0
DA:74,0
DA:76,0
DA:77,0
DA:80,1
LF:34
LH:11
BRDA:26,0,0,0
BRDA:46,1,0,0
BRF:2
BRH:0
end_of_record
TN:
SF:src/controllers/FinalUsersController.ts
FN:7,(anonymous_15)
FN:9,FinalUsersController
FN:11,(anonymous_17)
FN:21,(anonymous_20)
FN:31,(anonymous_23)
FN:41,(anonymous_26)
FN:51,(anonymous_29)
FN:61,(anonymous_32)
FNF:8
FNH:2
FNDA:1,(anonymous_15)
FNDA:1,FinalUsersController
FNDA:0,(anonymous_17)
FNDA:0,(anonymous_20)
FNDA:0,(anonymous_23)
FNDA:0,(anonymous_26)
FNDA:0,(anonymous_29)
FNDA:0,(anonymous_32)
DA:1,1
DA:3,1
DA:7,1
DA:9,1
DA:11,1
DA:13,0
DA:14,0
DA:16,0
DA:17,0
DA:21,1
DA:23,0
DA:24,0
DA:26,0
DA:27,0
DA:31,1
DA:33,0
DA:34,0
DA:36,0
DA:37,0
DA:41,1
DA:43,0
DA:44,0
DA:46,0
DA:47,0
DA:51,1
DA:53,0
DA:54,0
DA:56,0
DA:57,0
DA:61,1
DA:63,0
DA:64,0
DA:66,0
DA:67,0
DA:70,1
LF:35
LH:11
BRF:0
BRH:0
end_of_record
TN:
SF:src/controllers/ModifierGroupsController.ts
FN:7,(anonymous_15)
FN:9,ModifierGroupController
FN:11,(anonymous_17)
FN:20,(anonymous_20)
FN:29,(anonymous_23)
FN:37,(anonymous_26)
FN:45,(anonymous_29)
FNF:7
FNH:2
FNDA:1,(anonymous_15)
FNDA:1,ModifierGroupController
FNDA:0,(anonymous_17)
FNDA:0,(anonymous_20)
FNDA:0,(anonymous_23)
FNDA:0,(anonymous_26)
FNDA:0,(anonymous_29)
DA:1,1
DA:4,1
DA:7,1
DA:9,1
DA:11,1
DA:13,0
DA:14,0
DA:16,0
DA:17,0
DA:20,1
DA:22,0
DA:23,0
DA:25,0
DA:26,0
DA:29,1
DA:31,0
DA:32,0
DA:34,0
DA:37,1
DA:39,0
DA:40,0
DA:42,0
DA:45,1
DA:47,0
DA:48,0
DA:50,0
DA:53,1
LF:27
LH:10
BRF:0
BRH:0
end_of_record
TN:
SF:src/controllers/OrdersController.ts
FN:7,(anonymous_15)
FN:9,OrdersController
FN:11,(anonymous_17)
FN:21,(anonymous_20)
FN:33,(anonymous_23)
FN:42,(anonymous_26)
FN:52,(anonymous_29)
FNF:7
FNH:2
FNDA:1,(anonymous_15)
FNDA:1,OrdersController
FNDA:0,(anonymous_17)
FNDA:0,(anonymous_20)
FNDA:0,(anonymous_23)
FNDA:0,(anonymous_26)
FNDA:0,(anonymous_29)
DA:1,1
DA:3,1
DA:7,1
DA:9,1
DA:11,1
DA:13,0
DA:14,0
DA:16,0
DA:17,0
DA:21,1
DA:23,0
DA:24,0
DA:29,0
DA:30,0
DA:33,1
DA:35,0
DA:36,0
DA:38,0
DA:42,1
DA:44,0
DA:45,0
DA:47,0
DA:48,0
DA:52,1
DA:54,0
DA:55,0
DA:57,0
DA:58,0
DA:61,1
LF:29
LH:10
BRF:0
BRH:0
end_of_record
TN:
SF:src/controllers/PreventasController.ts
FN:8,(anonymous_14)
FN:9,(anonymous_16)
FN:19,(anonymous_19)
FN:41,(anonymous_20)
FN:56,(anonymous_23)
FN:77,(anonymous_26)
FN:87,(anonymous_29)
FNF:7
FNH:1
FNDA:2,(anonymous_14)
FNDA:0,(anonymous_16)
FNDA:0,(anonymous_19)
FNDA:0,(anonymous_20)
FNDA:0,(anonymous_23)
FNDA:0,(anonymous_26)
FNDA:0,(anonymous_29)
DA:2,1
DA:3,1
DA:5,1
DA:8,1
DA:9,1
DA:17,0
DA:19,0
DA:20,0
DA:30,0
DA:31,0
DA:33,0
DA:34,0
DA:36,0
DA:37,0
DA:41,1
DA:43,0
DA:44,0
DA:45,0
DA:48,0
DA:49,0
DA:51,0
DA:52,0
DA:56,1
DA:58,0
DA:59,0
DA:60,0
DA:61,0
DA:64,0
DA:65,0
DA:66,0
DA:67,0
DA:68,0
DA:69,0
DA:70,0
DA:72,0
DA:73,0
DA:77,1
DA:79,0
DA:80,0
DA:82,0
DA:83,0
DA:87,1
DA:89,0
DA:90,0
DA:91,0
DA:94,0
DA:99,0
DA:100,0
DA:101,0
DA:104,1
LF:50
LH:10
BRDA:44,0,0,0
BRDA:60,1,0,0
BRDA:90,2,0,0
BRF:3
BRH:0
end_of_record
TN:
SF:src/controllers/ProductosTesController.ts
FN:11,(anonymous_14)
FN:13,(anonymous_16)
FN:40,(anonymous_19)
FN:61,(anonymous_22)
FN:81,(anonymous_25)
FN:110,(anonymous_28)
FN:130,(anonymous_31)
FNF:7
FNH:1
FNDA:2,(anonymous_14)
FNDA:0,(anonymous_16)
FNDA:0,(anonymous_19)
FNDA:0,(anonymous_22)
FNDA:0,(anonymous_25)
FNDA:0,(anonymous_28)
FNDA:0,(anonymous_31)
DA:2,1
DA:11,1
DA:13,1
DA:14,0
DA:15,0
DA:17,0
DA:18,0
DA:20,0
DA:21,0
DA:23,0
DA:24,0
DA:25,0
DA:27,0
DA:28,0
DA:29,0
DA:33,0
DA:34,0
DA:35,0
DA:40,1
DA:41,0
DA:42,0
DA:45,0
DA:46,0
DA:47,0
DA:48,0
DA:55,0
DA:56,0
DA:57,0
DA:61,1
DA:64,0
DA:65,0
DA:66,0
DA:69,0
DA:73,0
DA:74,0
DA:75,0
DA:81,1
DA:82,0
DA:83,0
DA:86,0
DA:87,0
DA:88,0
DA:90,0
DA:91,0
DA:92,0
DA:93,0
DA:94,0
DA:95,0
DA:96,0
DA:97,0
DA:103,0
DA:104,0
DA:105,0
DA:110,1
DA:111,0
DA:112,0
DA:113,0
DA:114,0
DA:117,0
DA:118,0
DA:119,0
DA:123,0
DA:124,0
DA:125,0
DA:130,1
DA:137,0
DA:140,0
DA:141,0
DA:144,0
DA:146,0
DA:149,0
DA:153,1
LF:72
LH:9
BRDA:24,0,0,0
BRDA:28,1,0,0
BRDA:47,2,0,0
BRDA:65,3,0,0
BRDA:65,3,1,0
BRDA:96,4,0,0
BRDA:118,5,0,0
BRDA:140,6,0,0
BRF:8
BRH:0
end_of_record
TN:
SF:src/controllers/ProductsController.ts
FN:7,(anonymous_14)
FN:9,(anonymous_16)
FN:34,(anonymous_19)
FN:51,(anonymous_22)
FN:81,(anonymous_25)
FN:95,(anonymous_28)
FN:106,(anonymous_31)
FNF:7
FNH:1
FNDA:2,(anonymous_14)
FNDA:0,(anonymous_16)
FNDA:0,(anonymous_19)
FNDA:0,(anonymous_22)
FNDA:0,(anonymous_25)
FNDA:0,(anonymous_28)
FNDA:0,(anonymous_31)
DA:2,1
DA:7,1
DA:9,1
DA:11,0
DA:12,0
DA:13,0
DA:14,0
DA:15,0
DA:16,0
DA:18,0
DA:22,0
DA:23,0
DA:24,0
DA:25,0
DA:26,0
DA:28,0
DA:29,0
DA:34,1
DA:37,0
DA:38,0
DA:39,0
DA:42,0
DA:43,0
DA:45,0
DA:46,0
DA:51,1
DA:54,0
DA:55,0
DA:56,0
DA:57,0
DA:58,0
DA:61,0
DA:62,0
DA:63,0
DA:64,0
DA:65,0
DA:66,0
DA:67,0
DA:69,0
DA:70,0
DA:71,0
DA:72,0
DA:73,0
DA:74,0
DA:75,0
DA:76,0
DA:81,1
DA:83,0
DA:84,0
DA:85,0
DA:86,0
DA:87,0
DA:89,0
DA:90,0
DA:95,1
DA:97,0
DA:98,0
DA:101,0
DA:106,1
DA:108,0
DA:109,0
DA:112,0
DA:119,1
LF:63
LH:9
BRDA:15,0,0,0
BRDA:22,1,0,0
BRDA:22,2,0,0
BRDA:22,2,1,0
BRDA:22,2,2,0
BRDA:23,3,0,0
BRDA:26,4,0,0
BRDA:38,5,0,0
BRDA:57,6,0,0
BRF:9
BRH:0
end_of_record
TN:
SF:src/controllers/RestaurantController.ts
FN:17,(anonymous_16)
FN:19,RestaurantController
FN:21,(anonymous_18)
FN:25,(anonymous_21)
FN:52,(anonymous_24)
FN:69,(anonymous_27)
FN:94,(anonymous_30)
FN:109,(anonymous_33)
FN:129,(anonymous_36)
FNF:9
FNH:3
FNDA:2,(anonymous_16)
FNDA:2,RestaurantController
FNDA:1,(anonymous_18)
FNDA:0,(anonymous_21)
FNDA:0,(anonymous_24)
FNDA:0,(anonymous_27)
FNDA:0,(anonymous_30)
FNDA:0,(anonymous_33)
FNDA:0,(anonymous_36)
DA:1,2
DA:3,2
DA:4,2
DA:17,2
DA:19,2
DA:21,2
DA:22,1
DA:25,2
DA:26,0
DA:27,0
DA:29,0
DA:30,0
DA:31,0
DA:36,0
DA:41,0
DA:44,0
DA:45,0
DA:46,0
DA:52,2
DA:55,0
DA:58,0
DA:62,0
DA:64,0
DA:65,0
DA:69,2
DA:72,0
DA:73,0
DA:74,0
DA:75,0
DA:78,0
DA:79,0
DA:82,0
DA:83,0
DA:84,0
DA:86,0
DA:87,0
DA:89,0
DA:90,0
DA:94,2
DA:96,0
DA:97,0
DA:98,0
DA:101,0
DA:102,0
DA:104,0
DA:105,0
DA:109,2
DA:111,0
DA:114,0
DA:116,0
DA:117,0
DA:118,0
DA:119,0
DA:121,0
DA:122,0
DA:124,0
DA:125,0
DA:129,2
DA:131,0
DA:132,0
DA:134,0
DA:135,0
DA:138,2
LF:63
LH:14
BRDA:27,0,0,0
BRDA:41,1,0,0
BRDA:78,2,0,0
BRDA:78,3,0,0
BRDA:78,3,1,0
BRDA:78,3,2,0
BRDA:82,4,0,0
BRDA:87,5,0,0
BRDA:97,6,0,0
BRF:9
BRH:0
end_of_record
TN:
SF:src/controllers/VentaController.ts
FN:6,(anonymous_16)
FN:7,(anonymous_18)
FN:29,(anonymous_21)
FN:47,(anonymous_24)
FN:62,(anonymous_27)
FN:81,(anonymous_30)
FN:103,(anonymous_33)
FNF:7
FNH:1
FNDA:2,(anonymous_16)
FNDA:0,(anonymous_18)
FNDA:0,(anonymous_21)
FNDA:0,(anonymous_24)
FNDA:0,(anonymous_27)
FNDA:0,(anonymous_30)
FNDA:0,(anonymous_33)
DA:1,1
DA:2,1
DA:6,1
DA:7,1
DA:9,0
DA:10,0
DA:11,0
DA:14,0
DA:15,0
DA:17,0
DA:18,0
DA:19,0
DA:20,0
DA:21,0
DA:24,0
DA:25,0
DA:29,1
DA:31,0
DA:32,0
DA:33,0
DA:34,0
DA:35,0
DA:41,0
DA:43,0
DA:47,1
DA:49,0
DA:50,0
DA:51,0
DA:54,0
DA:55,0
DA:57,0
DA:58,0
DA:62,1
DA:64,0
DA:65,0
DA:66,0
DA:67,0
DA:70,0
DA:71,0
DA:72,0
DA:73,0
DA:74,0
DA:76,0
DA:77,0
DA:81,1
DA:83,0
DA:84,0
DA:86,0
DA:87,0
DA:103,1
DA:105,0
DA:106,0
DA:107,0
DA:108,0
DA:112,0
DA:113,0
DA:114,0
DA:117,1
LF:58
LH:10
BRDA:14,0,0,0
BRDA:19,1,0,0
BRDA:50,2,0,0
BRDA:66,3,0,0
BRDA:107,4,0,0
BRF:5
BRH:0
end_of_record
TN:
SF:src/services/cashierService.ts
FN:6,minutesToSeconds
FN:11,(anonymous_22)
FN:12,(anonymous_24)
FN:25,(anonymous_27)
FN:47,(anonymous_30)
FN:48,(anonymous_31)
FN:56,(anonymous_32)
FN:66,(anonymous_35)
FN:84,(anonymous_38)
FN:85,(anonymous_39)
FN:95,(anonymous_40)
FN:108,(anonymous_43)
FN:112,(anonymous_46)
FN:117,(anonymous_49)
FNF:14
FNH:6
FNDA:1,minutesToSeconds
FNDA:7,(anonymous_22)
FNDA:0,(anonymous_24)
FNDA:0,(anonymous_27)
FNDA:0,(anonymous_30)
FNDA:0,(anonymous_31)
FNDA:0,(anonymous_32)
FNDA:3,(anonymous_35)
FNDA:1,(anonymous_38)
FNDA:1,(anonymous_39)
FNDA:0,(anonymous_40)
FNDA:1,(anonymous_43)
FNDA:0,(anonymous_46)
FNDA:0,(anonymous_49)
DA:1,3
DA:2,3
DA:3,3
DA:4,3
DA:7,1
DA:11,3
DA:12,3
DA:13,0
DA:14,0
DA:15,0
DA:16,0
DA:17,0
DA:19,0
DA:20,0
DA:21,0
DA:22,0
DA:25,3
DA:26,0
DA:27,0
DA:28,0
DA:30,0
DA:31,0
DA:32,0
DA:33,0
DA:34,0
DA:35,0
DA:43,0
DA:46,0
DA:47,0
DA:48,0
DA:49,0
DA:50,0
DA:56,3
DA:57,0
DA:58,0
DA:59,0
DA:60,0
DA:61,0
DA:62,0
DA:63,0
DA:66,3
DA:67,3
DA:68,3
DA:70,3
DA:71,2
DA:72,2
DA:73,1
DA:79,1
DA:80,1
DA:83,1
DA:84,1
DA:85,1
DA:86,1
DA:87,1
DA:91,1
DA:95,3
DA:96,0
DA:97,0
DA:98,0
DA:99,0
DA:100,0
DA:101,0
DA:102,0
DA:103,0
DA:104,0
DA:105,0
DA:108,3
DA:109,1
DA:112,3
DA:113,0
DA:114,0
DA:117,3
DA:118,0
DA:119,0
DA:120,0
DA:122,0
DA:123,0
DA:125,3
LF:78
LH:30
BRDA:22,0,0,0
BRDA:14,1,0,0
BRDA:14,2,0,0
BRDA:14,2,1,0
BRDA:14,2,2,0
BRDA:16,3,0,0
BRDA:27,4,0,0
BRDA:27,5,0,0
BRDA:27,5,1,0
BRDA:27,5,2,0
BRDA:27,5,3,0
BRDA:27,5,4,0
BRDA:34,6,0,0
BRDA:49,7,0,0
BRDA:63,8,0,0
BRDA:59,9,0,0
BRDA:70,10,0,1
BRDA:72,11,0,1
BRDA:72,11,1,1
BRDA:86,12,0,0
BRDA:105,13,0,0
BRDA:98,14,0,0
BRDA:109,15,0,1
BRDA:109,15,1,1
BRDA:113,16,0,0
BRDA:118,17,0,0
BRDA:119,18,0,0
BRF:27
BRH:5
end_of_record
TN:
SF:src/services/categoriasService.ts
FN:6,(anonymous_15)
FN:7,(anonymous_17)
FN:11,(anonymous_20)
FN:21,(anonymous_23)
FN:25,(anonymous_26)
FN:35,(anonymous_27)
FNF:6
FNH:1
FNDA:2,(anonymous_15)
FNDA:0,(anonymous_17)
FNDA:0,(anonymous_20)
FNDA:0,(anonymous_23)
FNDA:0,(anonymous_26)
FNDA:0,(anonymous_27)
DA:1,1
DA:2,1
DA:3,1
DA:6,1
DA:7,1
DA:8,0
DA:11,1
DA:12,0
DA:13,0
DA:14,0
DA:15,0
DA:17,0
DA:18,0
DA:21,1
DA:22,0
DA:23,0
DA:24,0
DA:25,0
DA:26,0
DA:27,0
DA:28,0
DA:29,0
DA:31,0
DA:35,1
DA:36,0
DA:37,0
DA:38,0
DA:40,0
DA:41,0
DA:42,0
DA:46,0
DA:47,0
DA:49,1
LF:33
LH:9
BRDA:8,0,0,0
BRDA:8,0,1,0
BRDA:18,1,0,0
BRDA:12,2,0,0
BRDA:14,3,0,0
BRDA:22,4,0,0
BRDA:22,4,1,0
BRDA:23,5,0,0
BRDA:36,6,0,0
BRDA:37,7,0,0
BRF:10
BRH:0
end_of_record
TN:
SF:src/services/commonService.ts
FN:16,(anonymous_7)
FN:18,(anonymous_9)
FN:19,(anonymous_10)
FN:23,(anonymous_11)
FN:30,(anonymous_12)
FNF:5
FNH:5
FNDA:6,(anonymous_7)
FNDA:2,(anonymous_9)
FNDA:2,(anonymous_10)
FNDA:2,(anonymous_11)
FNDA:1,(anonymous_12)
DA:1,4
DA:3,4
DA:4,4
DA:6,4
DA:16,4
DA:18,4
DA:19,2
DA:20,2
DA:21,2
DA:22,2
DA:23,2
DA:24,2
DA:25,2
DA:30,4
DA:31,1
DA:34,4
LF:16
LH:16
BRDA:18,0,0,2
BRDA:20,1,0,1
BRDA:20,2,0,0
BRDA:20,2,1,2
BRDA:20,3,0,2
BRDA:20,3,1,2
BRDA:25,4,0,0
BRF:7
BRH:5
end_of_record
TN:
SF:src/services/deliveryService.ts
FN:10,(anonymous_15)
FN:11,(anonymous_17)
FN:19,(anonymous_20)
FN:23,(anonymous_23)
FN:34,(anonymous_26)
FN:43,(anonymous_29)
FN:56,(anonymous_32)
FNF:7
FNH:1
FNDA:2,(anonymous_15)
FNDA:0,(anonymous_17)
FNDA:0,(anonymous_20)
FNDA:0,(anonymous_23)
FNDA:0,(anonymous_26)
FNDA:0,(anonymous_29)
FNDA:0,(anonymous_32)
DA:1,1
DA:2,1
DA:10,1
DA:11,1
DA:12,0
DA:19,1
DA:20,0
DA:23,1
DA:24,0
DA:25,0
DA:26,0
DA:27,0
DA:28,0
DA:29,0
DA:30,0
DA:31,0
DA:34,1
DA:35,0
DA:36,0
DA:37,0
DA:39,0
DA:40,0
DA:43,1
DA:44,0
DA:45,0
DA:46,0
DA:47,0
DA:49,0
DA:50,0
DA:51,0
DA:52,0
DA:53,0
DA:56,1
DA:57,0
DA:59,1
LF:35
LH:10
BRDA:12,0,0,0
BRDA:12,0,1,0
BRDA:20,1,0,0
BRDA:20,1,1,0
BRDA:31,2,0,0
BRDA:25,3,0,0
BRDA:25,4,0,0
BRDA:25,4,1,0
BRDA:25,4,2,0
BRDA:28,5,0,0
BRDA:35,6,0,0
BRDA:36,7,0,0
BRDA:53,8,0,0
BRDA:46,9,0,0
BRDA:57,10,0,0
BRDA:57,10,1,0
BRF:16
BRH:0
end_of_record
TN:
SF:src/services/finalUsersService.ts
FN:7,(anonymous_22)
FN:8,FinalUsersService
FN:10,(anonymous_24)
FN:22,(anonymous_27)
FN:35,(anonymous_30)
FN:39,(anonymous_33)
FN:43,(anonymous_36)
FN:52,(anonymous_39)
FNF:8
FNH:2
FNDA:1,(anonymous_22)
FNDA:1,FinalUsersService
FNDA:0,(anonymous_24)
FNDA:0,(anonymous_27)
FNDA:0,(anonymous_30)
FNDA:0,(anonymous_33)
FNDA:0,(anonymous_36)
FNDA:0,(anonymous_39)
DA:1,1
DA:2,1
DA:3,1
DA:4,1
DA:7,1
DA:8,1
DA:10,1
DA:11,0
DA:12,0
DA:13,0
DA:14,0
DA:16,0
DA:17,0
DA:18,0
DA:19,0
DA:22,1
DA:23,0
DA:24,0
DA:25,0
DA:27,0
DA:28,0
DA:29,0
DA:31,0
DA:35,1
DA:36,0
DA:39,1
DA:40,0
DA:43,1
DA:44,0
DA:45,0
DA:46,0
DA:47,0
DA:48,0
DA:49,0
DA:52,1
DA:53,0
DA:54,0
DA:55,0
DA:57,0
DA:58,0
DA:60,1
LF:41
LH:13
BRDA:12,0,0,0
BRDA:12,1,0,0
BRDA:12,1,1,0
BRDA:14,2,0,0
BRDA:25,3,0,0
BRDA:28,4,0,0
BRDA:28,4,1,0
BRDA:36,5,0,0
BRDA:36,5,1,0
BRDA:40,6,0,0
BRDA:40,6,1,0
BRDA:49,7,0,0
BRDA:46,8,0,0
BRDA:53,9,0,0
BRDA:54,10,0,0
BRF:15
BRH:0
end_of_record
TN:
SF:src/services/modifierGroupService.ts
FN:5,(anonymous_15)
FN:7,(anonymous_17)
FN:15,(anonymous_18)
FN:28,(anonymous_21)
FN:32,(anonymous_24)
FN:40,(anonymous_27)
FN:59,(anonymous_30)
FNF:7
FNH:1
FNDA:2,(anonymous_15)
FNDA:0,(anonymous_17)
FNDA:0,(anonymous_18)
FNDA:0,(anonymous_21)
FNDA:0,(anonymous_24)
FNDA:0,(anonymous_27)
FNDA:0,(anonymous_30)
DA:1,1
DA:2,1
DA:5,1
DA:7,1
DA:8,0
DA:9,0
DA:10,0
DA:12,0
DA:15,1
DA:16,0
DA:17,0
DA:18,0
DA:19,0
DA:21,0
DA:22,0
DA:24,0
DA:25,0
DA:28,1
DA:29,0
DA:32,1
DA:33,0
DA:34,0
DA:35,0
DA:37,0
DA:40,1
DA:41,0
DA:42,0
DA:43,0
DA:45,0
DA:46,0
DA:47,0
DA:49,0
DA:50,0
DA:51,0
DA:53,0
DA:54,0
DA:55,0
DA:56,0
DA:59,1
DA:60,0
DA:61,0
DA:62,0
DA:64,0
DA:65,0
DA:67,1
LF:45
LH:10
BRDA:9,0,0,0
BRDA:9,1,0,0
BRDA:9,1,1,0
BRDA:9,1,2,0
BRDA:9,1,3,0
BRDA:25,2,0,0
BRDA:18,3,0,0
BRDA:21,4,0,0
BRDA:29,5,0,0
BRDA:29,5,1,0
BRDA:33,6,0,0
BRDA:34,7,0,0
BRDA:41,8,0,0
BRDA:41,8,1,0
BRDA:42,9,0,0
BRDA:46,10,0,0
BRDA:50,11,0,0
BRDA:60,12,0,0
BRDA:61,13,0,0
BRF:19
BRH:0
end_of_record
TN:
SF:src/services/orderService.ts
FN:5,(anonymous_15)
FN:7,(anonymous_17)
FN:13,(anonymous_20)
FN:17,(anonymous_23)
FN:25,(anonymous_26)
FN:31,(anonymous_29)
FNF:6
FNH:1
FNDA:2,(anonymous_15)
FNDA:0,(anonymous_17)
FNDA:0,(anonymous_20)
FNDA:0,(anonymous_23)
FNDA:0,(anonymous_26)
FNDA:0,(anonymous_29)
DA:1,1
DA:2,1
DA:5,1
DA:7,1
DA:8,0
DA:9,0
DA:10,0
DA:13,1
DA:14,0
DA:17,1
DA:18,0
DA:19,0
DA:20,0
DA:22,0
DA:25,1
DA:28,0
DA:31,1
DA:32,0
DA:33,0
DA:34,0
DA:36,0
DA:38,1
LF:22
LH:9
BRDA:10,0,0,0
BRDA:14,1,0,0
BRDA:14,1,1,0
BRDA:18,2,0,0
BRDA:19,3,0,0
BRDA:32,4,0,0
BRDA:33,5,0,0
BRF:7
BRH:0
end_of_record
TN:
SF:src/services/restaurantService.ts
FN:11,(anonymous_22)
FN:12,RestaurantService
FN:13,(anonymous_24)
FNF:3
FNH:3
FNDA:3,(anonymous_22)
FNDA:4,RestaurantService
FNDA:3,(anonymous_24)
DA:2,3
DA:4,3
DA:6,3
DA:7,3
DA:8,3
DA:11,3
DA:12,4
DA:13,3
DA:15,3
DA:16,3
DA:17,3
DA:18,2
DA:19,2
DA:20,1
DA:21,1
DA:22,0
DA:24,0
DA:25,0
DA:28,3
LF:19
LH:16
BRDA:17,0,0,1
BRDA:19,1,0,1
BRDA:21,2,0,1
BRF:3
BRH:3
end_of_record
